ARM GAS  C:\Users\ULTIMA~1\AppData\Local\Temp\ccXjpYfu.s 			page 1


   1              		.cpu cortex-m3
   2              		.arch armv7-m
   3              		.fpu softvfp
   4              		.eabi_attribute 20, 1
   5              		.eabi_attribute 21, 1
   6              		.eabi_attribute 23, 3
   7              		.eabi_attribute 24, 1
   8              		.eabi_attribute 25, 1
   9              		.eabi_attribute 26, 1
  10              		.eabi_attribute 30, 6
  11              		.eabi_attribute 34, 1
  12              		.eabi_attribute 18, 4
  13              		.file	"fsm_auto.c"
  14              		.text
  15              	.Ltext0:
  16              		.cfi_sections	.debug_frame
  17              		.section	.text.fsm_auto_run,"ax",%progbits
  18              		.align	1
  19              		.global	fsm_auto_run
  20              		.syntax unified
  21              		.thumb
  22              		.thumb_func
  24              	fsm_auto_run:
  25              	.LFB68:
  26              		.file 1 "./Core/Src/fsm_auto.c"
   1:./Core/Src/fsm_auto.c **** 
   2:./Core/Src/fsm_auto.c **** 
   3:./Core/Src/fsm_auto.c **** #include "fsm_auto.h"
   4:./Core/Src/fsm_auto.c **** 
   5:./Core/Src/fsm_auto.c **** void fsm_auto_run(){
  27              		.loc 1 5 20
  28              		.cfi_startproc
  29              		@ args = 0, pretend = 0, frame = 0
  30              		@ frame_needed = 1, uses_anonymous_args = 0
  31 0000 80B5     		push	{r7, lr}
  32              		.cfi_def_cfa_offset 8
  33              		.cfi_offset 7, -8
  34              		.cfi_offset 14, -4
  35 0002 00AF     		add	r7, sp, #0
  36              		.cfi_def_cfa_register 7
   6:./Core/Src/fsm_auto.c **** 	switch (status)
  37              		.loc 1 6 2
  38 0004 7E4B     		ldr	r3, .L26
  39 0006 1B68     		ldr	r3, [r3]
  40 0008 013B     		subs	r3, r3, #1
  41 000a 042B     		cmp	r3, #4
  42 000c 00F2F680 		bhi	.L21
  43 0010 01A2     		adr	r2, .L4
  44 0012 52F823F0 		ldr	pc, [r2, r3, lsl #2]
  45 0016 00BF     		.p2align 2
  46              	.L4:
  47 0018 2D000000 		.word	.L8+1
  48 001c 51000000 		.word	.L7+1
  49 0020 B5000000 		.word	.L6+1
  50 0024 1F010000 		.word	.L5+1
  51 0028 85010000 		.word	.L3+1
  52              		.p2align 1
ARM GAS  C:\Users\ULTIMA~1\AppData\Local\Temp\ccXjpYfu.s 			page 2


  53              	.L8:
   7:./Core/Src/fsm_auto.c **** 	{
   8:./Core/Src/fsm_auto.c **** 	case INIT:
   9:./Core/Src/fsm_auto.c **** 		status=AUTO_RED_GREEN;
  54              		.loc 1 9 9
  55 002c 744B     		ldr	r3, .L26
  56 002e 0222     		movs	r2, #2
  57 0030 1A60     		str	r2, [r3]
  10:./Core/Src/fsm_auto.c **** 		setTimer1(1000);
  58              		.loc 1 10 3
  59 0032 4FF47A70 		mov	r0, #1000
  60 0036 FFF7FEFF 		bl	setTimer1
  11:./Core/Src/fsm_auto.c **** 		counter = max_red1;
  61              		.loc 1 11 11
  62 003a 724B     		ldr	r3, .L26+4
  63 003c 1B68     		ldr	r3, [r3]
  64 003e 724A     		ldr	r2, .L26+8
  65 0040 1360     		str	r3, [r2]
  12:./Core/Src/fsm_auto.c **** 		displayCounter();
  66              		.loc 1 12 3
  67 0042 FFF7FEFF 		bl	displayCounter
  13:./Core/Src/fsm_auto.c **** 		setTraffic1Red();
  68              		.loc 1 13 3
  69 0046 FFF7FEFF 		bl	setTraffic1Red
  14:./Core/Src/fsm_auto.c **** 		setTraffic2Green();
  70              		.loc 1 14 3
  71 004a FFF7FEFF 		bl	setTraffic2Green
  15:./Core/Src/fsm_auto.c **** 		break;
  72              		.loc 1 15 3
  73 004e D5E0     		b	.L2
  74              	.L7:
  16:./Core/Src/fsm_auto.c **** 	case AUTO_RED_GREEN:
  17:./Core/Src/fsm_auto.c **** 		if(timer1_flag == 1){
  75              		.loc 1 17 18
  76 0050 6E4B     		ldr	r3, .L26+12
  77 0052 1B68     		ldr	r3, [r3]
  78              		.loc 1 17 5
  79 0054 012B     		cmp	r3, #1
  80 0056 15D1     		bne	.L9
  18:./Core/Src/fsm_auto.c **** 			counter--;
  81              		.loc 1 18 11
  82 0058 6B4B     		ldr	r3, .L26+8
  83 005a 1B68     		ldr	r3, [r3]
  84 005c 013B     		subs	r3, r3, #1
  85 005e 6A4A     		ldr	r2, .L26+8
  86 0060 1360     		str	r3, [r2]
  19:./Core/Src/fsm_auto.c **** 			setTimer1(1000);
  87              		.loc 1 19 4
  88 0062 4FF47A70 		mov	r0, #1000
  89 0066 FFF7FEFF 		bl	setTimer1
  20:./Core/Src/fsm_auto.c **** 			if(counter == max_yellow2){
  90              		.loc 1 20 15
  91 006a 674B     		ldr	r3, .L26+8
  92 006c 1A68     		ldr	r2, [r3]
  93 006e 684B     		ldr	r3, .L26+16
  94 0070 1B68     		ldr	r3, [r3]
  95              		.loc 1 20 6
ARM GAS  C:\Users\ULTIMA~1\AppData\Local\Temp\ccXjpYfu.s 			page 3


  96 0072 9A42     		cmp	r2, r3
  97 0074 04D1     		bne	.L10
  21:./Core/Src/fsm_auto.c **** 				setTraffic2Yellow();
  98              		.loc 1 21 5
  99 0076 FFF7FEFF 		bl	setTraffic2Yellow
  22:./Core/Src/fsm_auto.c **** 				status=AUTO_RED_YELLOW;
 100              		.loc 1 22 11
 101 007a 614B     		ldr	r3, .L26
 102 007c 0322     		movs	r2, #3
 103 007e 1A60     		str	r2, [r3]
 104              	.L10:
  23:./Core/Src/fsm_auto.c **** 			}
  24:./Core/Src/fsm_auto.c **** 			displayCounter();
 105              		.loc 1 24 4
 106 0080 FFF7FEFF 		bl	displayCounter
 107              	.L9:
  25:./Core/Src/fsm_auto.c **** 		}
  26:./Core/Src/fsm_auto.c **** 
  27:./Core/Src/fsm_auto.c **** 		if(isButtonPressed(1)){
 108              		.loc 1 27 6
 109 0084 0120     		movs	r0, #1
 110 0086 FFF7FEFF 		bl	isButtonPressed
 111 008a 0346     		mov	r3, r0
 112              		.loc 1 27 5
 113 008c 002B     		cmp	r3, #0
 114 008e 00F0AE80 		beq	.L22
  28:./Core/Src/fsm_auto.c **** 			//isButtonPressed(2);
  29:./Core/Src/fsm_auto.c **** 			//isButtonPressed(3);
  30:./Core/Src/fsm_auto.c **** 			status=MAN_RED_GREEN;
 115              		.loc 1 30 10
 116 0092 5B4B     		ldr	r3, .L26
 117 0094 0B22     		movs	r2, #11
 118 0096 1A60     		str	r2, [r3]
  31:./Core/Src/fsm_auto.c **** 			setTimer1(30000);
 119              		.loc 1 31 4
 120 0098 47F23050 		movw	r0, #30000
 121 009c FFF7FEFF 		bl	setTimer1
  32:./Core/Src/fsm_auto.c **** 			setTraffic1Red();
 122              		.loc 1 32 4
 123 00a0 FFF7FEFF 		bl	setTraffic1Red
  33:./Core/Src/fsm_auto.c **** 			setTraffic2Green();
 124              		.loc 1 33 4
 125 00a4 FFF7FEFF 		bl	setTraffic2Green
  34:./Core/Src/fsm_auto.c **** 			counter = 0;
 126              		.loc 1 34 12
 127 00a8 574B     		ldr	r3, .L26+8
 128 00aa 0022     		movs	r2, #0
 129 00ac 1A60     		str	r2, [r3]
  35:./Core/Src/fsm_auto.c **** 			displayCounter();
 130              		.loc 1 35 4
 131 00ae FFF7FEFF 		bl	displayCounter
  36:./Core/Src/fsm_auto.c **** 			break;
 132              		.loc 1 36 4
 133 00b2 A3E0     		b	.L2
 134              	.L6:
  37:./Core/Src/fsm_auto.c **** 		}
  38:./Core/Src/fsm_auto.c **** 		break;
ARM GAS  C:\Users\ULTIMA~1\AppData\Local\Temp\ccXjpYfu.s 			page 4


  39:./Core/Src/fsm_auto.c **** 	case AUTO_RED_YELLOW:
  40:./Core/Src/fsm_auto.c **** 		if(timer1_flag == 1){
 135              		.loc 1 40 18
 136 00b4 554B     		ldr	r3, .L26+12
 137 00b6 1B68     		ldr	r3, [r3]
 138              		.loc 1 40 5
 139 00b8 012B     		cmp	r3, #1
 140 00ba 19D1     		bne	.L12
  41:./Core/Src/fsm_auto.c **** 			counter--;
 141              		.loc 1 41 11
 142 00bc 524B     		ldr	r3, .L26+8
 143 00be 1B68     		ldr	r3, [r3]
 144 00c0 013B     		subs	r3, r3, #1
 145 00c2 514A     		ldr	r2, .L26+8
 146 00c4 1360     		str	r3, [r2]
  42:./Core/Src/fsm_auto.c **** 			setTimer1(1000);
 147              		.loc 1 42 4
 148 00c6 4FF47A70 		mov	r0, #1000
 149 00ca FFF7FEFF 		bl	setTimer1
  43:./Core/Src/fsm_auto.c **** 			if(counter == 0){
 150              		.loc 1 43 15
 151 00ce 4E4B     		ldr	r3, .L26+8
 152 00d0 1B68     		ldr	r3, [r3]
 153              		.loc 1 43 6
 154 00d2 002B     		cmp	r3, #0
 155 00d4 0AD1     		bne	.L13
  44:./Core/Src/fsm_auto.c **** 				counter = max_green1;
 156              		.loc 1 44 13
 157 00d6 4F4B     		ldr	r3, .L26+20
 158 00d8 1B68     		ldr	r3, [r3]
 159 00da 4B4A     		ldr	r2, .L26+8
 160 00dc 1360     		str	r3, [r2]
  45:./Core/Src/fsm_auto.c **** 				setTraffic1Green();
 161              		.loc 1 45 5
 162 00de FFF7FEFF 		bl	setTraffic1Green
  46:./Core/Src/fsm_auto.c **** 				setTraffic2Red();
 163              		.loc 1 46 5
 164 00e2 FFF7FEFF 		bl	setTraffic2Red
  47:./Core/Src/fsm_auto.c **** 				status=AUTO_GREEN_RED;
 165              		.loc 1 47 11
 166 00e6 464B     		ldr	r3, .L26
 167 00e8 0422     		movs	r2, #4
 168 00ea 1A60     		str	r2, [r3]
 169              	.L13:
  48:./Core/Src/fsm_auto.c **** 			}
  49:./Core/Src/fsm_auto.c **** 			displayCounter();
 170              		.loc 1 49 4
 171 00ec FFF7FEFF 		bl	displayCounter
 172              	.L12:
  50:./Core/Src/fsm_auto.c **** 		}
  51:./Core/Src/fsm_auto.c **** 
  52:./Core/Src/fsm_auto.c **** 		if(isButtonPressed(1)){
 173              		.loc 1 52 6
 174 00f0 0120     		movs	r0, #1
 175 00f2 FFF7FEFF 		bl	isButtonPressed
 176 00f6 0346     		mov	r3, r0
 177              		.loc 1 52 5
ARM GAS  C:\Users\ULTIMA~1\AppData\Local\Temp\ccXjpYfu.s 			page 5


 178 00f8 002B     		cmp	r3, #0
 179 00fa 7AD0     		beq	.L23
  53:./Core/Src/fsm_auto.c **** 			//isButtonPressed(2);
  54:./Core/Src/fsm_auto.c **** 			//isButtonPressed(3);
  55:./Core/Src/fsm_auto.c **** 			status=MAN_RED_GREEN;
 180              		.loc 1 55 10
 181 00fc 404B     		ldr	r3, .L26
 182 00fe 0B22     		movs	r2, #11
 183 0100 1A60     		str	r2, [r3]
  56:./Core/Src/fsm_auto.c **** 			setTimer1(30000);
 184              		.loc 1 56 4
 185 0102 47F23050 		movw	r0, #30000
 186 0106 FFF7FEFF 		bl	setTimer1
  57:./Core/Src/fsm_auto.c **** 			setTraffic1Red();
 187              		.loc 1 57 4
 188 010a FFF7FEFF 		bl	setTraffic1Red
  58:./Core/Src/fsm_auto.c **** 			setTraffic2Green();
 189              		.loc 1 58 4
 190 010e FFF7FEFF 		bl	setTraffic2Green
  59:./Core/Src/fsm_auto.c **** 			counter = 0;
 191              		.loc 1 59 12
 192 0112 3D4B     		ldr	r3, .L26+8
 193 0114 0022     		movs	r2, #0
 194 0116 1A60     		str	r2, [r3]
  60:./Core/Src/fsm_auto.c **** 			displayCounter();
 195              		.loc 1 60 4
 196 0118 FFF7FEFF 		bl	displayCounter
  61:./Core/Src/fsm_auto.c **** 			break;
 197              		.loc 1 61 4
 198 011c 6EE0     		b	.L2
 199              	.L5:
  62:./Core/Src/fsm_auto.c **** 		}
  63:./Core/Src/fsm_auto.c **** 		break;
  64:./Core/Src/fsm_auto.c **** 
  65:./Core/Src/fsm_auto.c **** 	case AUTO_GREEN_RED:
  66:./Core/Src/fsm_auto.c **** 		if(timer1_flag == 1){
 200              		.loc 1 66 18
 201 011e 3B4B     		ldr	r3, .L26+12
 202 0120 1B68     		ldr	r3, [r3]
 203              		.loc 1 66 5
 204 0122 012B     		cmp	r3, #1
 205 0124 17D1     		bne	.L15
  67:./Core/Src/fsm_auto.c **** 			counter--;
 206              		.loc 1 67 11
 207 0126 384B     		ldr	r3, .L26+8
 208 0128 1B68     		ldr	r3, [r3]
 209 012a 013B     		subs	r3, r3, #1
 210 012c 364A     		ldr	r2, .L26+8
 211 012e 1360     		str	r3, [r2]
  68:./Core/Src/fsm_auto.c **** 			setTimer1(1000);
 212              		.loc 1 68 4
 213 0130 4FF47A70 		mov	r0, #1000
 214 0134 FFF7FEFF 		bl	setTimer1
  69:./Core/Src/fsm_auto.c **** 			if(counter == 0){
 215              		.loc 1 69 15
 216 0138 334B     		ldr	r3, .L26+8
 217 013a 1B68     		ldr	r3, [r3]
ARM GAS  C:\Users\ULTIMA~1\AppData\Local\Temp\ccXjpYfu.s 			page 6


 218              		.loc 1 69 6
 219 013c 002B     		cmp	r3, #0
 220 013e 08D1     		bne	.L16
  70:./Core/Src/fsm_auto.c **** 				counter = max_yellow1;
 221              		.loc 1 70 13
 222 0140 354B     		ldr	r3, .L26+24
 223 0142 1B68     		ldr	r3, [r3]
 224 0144 304A     		ldr	r2, .L26+8
 225 0146 1360     		str	r3, [r2]
  71:./Core/Src/fsm_auto.c **** 				setTraffic1Yellow();
 226              		.loc 1 71 5
 227 0148 FFF7FEFF 		bl	setTraffic1Yellow
  72:./Core/Src/fsm_auto.c **** 				status=AUTO_YELLOW_RED;
 228              		.loc 1 72 11
 229 014c 2C4B     		ldr	r3, .L26
 230 014e 0522     		movs	r2, #5
 231 0150 1A60     		str	r2, [r3]
 232              	.L16:
  73:./Core/Src/fsm_auto.c **** 			}
  74:./Core/Src/fsm_auto.c **** 			displayCounter();
 233              		.loc 1 74 4
 234 0152 FFF7FEFF 		bl	displayCounter
 235              	.L15:
  75:./Core/Src/fsm_auto.c **** 		}
  76:./Core/Src/fsm_auto.c **** 
  77:./Core/Src/fsm_auto.c **** 		if(isButtonPressed(1)){
 236              		.loc 1 77 6
 237 0156 0120     		movs	r0, #1
 238 0158 FFF7FEFF 		bl	isButtonPressed
 239 015c 0346     		mov	r3, r0
 240              		.loc 1 77 5
 241 015e 002B     		cmp	r3, #0
 242 0160 49D0     		beq	.L24
  78:./Core/Src/fsm_auto.c **** 			//isButtonPressed(2);
  79:./Core/Src/fsm_auto.c **** 			//isButtonPressed(3);
  80:./Core/Src/fsm_auto.c **** 			status=MAN_RED_GREEN;
 243              		.loc 1 80 10
 244 0162 274B     		ldr	r3, .L26
 245 0164 0B22     		movs	r2, #11
 246 0166 1A60     		str	r2, [r3]
  81:./Core/Src/fsm_auto.c **** 			setTimer1(30000);
 247              		.loc 1 81 4
 248 0168 47F23050 		movw	r0, #30000
 249 016c FFF7FEFF 		bl	setTimer1
  82:./Core/Src/fsm_auto.c **** 			setTraffic1Red();
 250              		.loc 1 82 4
 251 0170 FFF7FEFF 		bl	setTraffic1Red
  83:./Core/Src/fsm_auto.c **** 			setTraffic2Green();
 252              		.loc 1 83 4
 253 0174 FFF7FEFF 		bl	setTraffic2Green
  84:./Core/Src/fsm_auto.c **** 			counter = 0;
 254              		.loc 1 84 12
 255 0178 234B     		ldr	r3, .L26+8
 256 017a 0022     		movs	r2, #0
 257 017c 1A60     		str	r2, [r3]
  85:./Core/Src/fsm_auto.c **** 			displayCounter();
 258              		.loc 1 85 4
ARM GAS  C:\Users\ULTIMA~1\AppData\Local\Temp\ccXjpYfu.s 			page 7


 259 017e FFF7FEFF 		bl	displayCounter
  86:./Core/Src/fsm_auto.c **** 			break;
 260              		.loc 1 86 4
 261 0182 3BE0     		b	.L2
 262              	.L3:
  87:./Core/Src/fsm_auto.c **** 		}
  88:./Core/Src/fsm_auto.c **** 		break;
  89:./Core/Src/fsm_auto.c **** 
  90:./Core/Src/fsm_auto.c **** 	case AUTO_YELLOW_RED:
  91:./Core/Src/fsm_auto.c **** 
  92:./Core/Src/fsm_auto.c **** 		if(timer1_flag == 1){
 263              		.loc 1 92 18
 264 0184 214B     		ldr	r3, .L26+12
 265 0186 1B68     		ldr	r3, [r3]
 266              		.loc 1 92 5
 267 0188 012B     		cmp	r3, #1
 268 018a 19D1     		bne	.L18
  93:./Core/Src/fsm_auto.c **** 			counter--;
 269              		.loc 1 93 11
 270 018c 1E4B     		ldr	r3, .L26+8
 271 018e 1B68     		ldr	r3, [r3]
 272 0190 013B     		subs	r3, r3, #1
 273 0192 1D4A     		ldr	r2, .L26+8
 274 0194 1360     		str	r3, [r2]
  94:./Core/Src/fsm_auto.c **** 			setTimer1(1000);
 275              		.loc 1 94 4
 276 0196 4FF47A70 		mov	r0, #1000
 277 019a FFF7FEFF 		bl	setTimer1
  95:./Core/Src/fsm_auto.c **** 			if(counter == 0){
 278              		.loc 1 95 15
 279 019e 1A4B     		ldr	r3, .L26+8
 280 01a0 1B68     		ldr	r3, [r3]
 281              		.loc 1 95 6
 282 01a2 002B     		cmp	r3, #0
 283 01a4 0AD1     		bne	.L19
  96:./Core/Src/fsm_auto.c **** 				counter = max_red1;
 284              		.loc 1 96 13
 285 01a6 174B     		ldr	r3, .L26+4
 286 01a8 1B68     		ldr	r3, [r3]
 287 01aa 174A     		ldr	r2, .L26+8
 288 01ac 1360     		str	r3, [r2]
  97:./Core/Src/fsm_auto.c **** 				setTraffic1Red();
 289              		.loc 1 97 5
 290 01ae FFF7FEFF 		bl	setTraffic1Red
  98:./Core/Src/fsm_auto.c **** 				setTraffic2Green();
 291              		.loc 1 98 5
 292 01b2 FFF7FEFF 		bl	setTraffic2Green
  99:./Core/Src/fsm_auto.c **** 				status=AUTO_RED_GREEN;
 293              		.loc 1 99 11
 294 01b6 124B     		ldr	r3, .L26
 295 01b8 0222     		movs	r2, #2
 296 01ba 1A60     		str	r2, [r3]
 297              	.L19:
 100:./Core/Src/fsm_auto.c **** 			}
 101:./Core/Src/fsm_auto.c **** 			displayCounter();
 298              		.loc 1 101 4
 299 01bc FFF7FEFF 		bl	displayCounter
ARM GAS  C:\Users\ULTIMA~1\AppData\Local\Temp\ccXjpYfu.s 			page 8


 300              	.L18:
 102:./Core/Src/fsm_auto.c **** 		}
 103:./Core/Src/fsm_auto.c **** 
 104:./Core/Src/fsm_auto.c **** 		if(isButtonPressed(1)){
 301              		.loc 1 104 6
 302 01c0 0120     		movs	r0, #1
 303 01c2 FFF7FEFF 		bl	isButtonPressed
 304 01c6 0346     		mov	r3, r0
 305              		.loc 1 104 5
 306 01c8 002B     		cmp	r3, #0
 307 01ca 16D0     		beq	.L25
 105:./Core/Src/fsm_auto.c **** 			//isButtonPressed(2);
 106:./Core/Src/fsm_auto.c **** 			//isButtonPressed(3);
 107:./Core/Src/fsm_auto.c **** 			status=MAN_RED_GREEN;
 308              		.loc 1 107 10
 309 01cc 0C4B     		ldr	r3, .L26
 310 01ce 0B22     		movs	r2, #11
 311 01d0 1A60     		str	r2, [r3]
 108:./Core/Src/fsm_auto.c **** 			setTimer1(30000);
 312              		.loc 1 108 4
 313 01d2 47F23050 		movw	r0, #30000
 314 01d6 FFF7FEFF 		bl	setTimer1
 109:./Core/Src/fsm_auto.c **** 			setTraffic1Red();
 315              		.loc 1 109 4
 316 01da FFF7FEFF 		bl	setTraffic1Red
 110:./Core/Src/fsm_auto.c **** 			setTraffic2Green();
 317              		.loc 1 110 4
 318 01de FFF7FEFF 		bl	setTraffic2Green
 111:./Core/Src/fsm_auto.c **** 			counter = 0;
 319              		.loc 1 111 12
 320 01e2 094B     		ldr	r3, .L26+8
 321 01e4 0022     		movs	r2, #0
 322 01e6 1A60     		str	r2, [r3]
 112:./Core/Src/fsm_auto.c **** 			displayCounter();
 323              		.loc 1 112 4
 324 01e8 FFF7FEFF 		bl	displayCounter
 113:./Core/Src/fsm_auto.c **** 			break;
 325              		.loc 1 113 4
 326 01ec 06E0     		b	.L2
 327              	.L22:
  38:./Core/Src/fsm_auto.c **** 	case AUTO_RED_YELLOW:
 328              		.loc 1 38 3
 329 01ee 00BF     		nop
 330 01f0 04E0     		b	.L21
 331              	.L23:
  63:./Core/Src/fsm_auto.c **** 
 332              		.loc 1 63 3
 333 01f2 00BF     		nop
 334 01f4 02E0     		b	.L21
 335              	.L24:
  88:./Core/Src/fsm_auto.c **** 
 336              		.loc 1 88 3
 337 01f6 00BF     		nop
 338 01f8 00E0     		b	.L21
 339              	.L25:
 114:./Core/Src/fsm_auto.c **** 		}
 115:./Core/Src/fsm_auto.c **** 		break;
ARM GAS  C:\Users\ULTIMA~1\AppData\Local\Temp\ccXjpYfu.s 			page 9


 340              		.loc 1 115 3
 341 01fa 00BF     		nop
 342              	.L2:
 343              	.L21:
 116:./Core/Src/fsm_auto.c **** 	}
 117:./Core/Src/fsm_auto.c **** 
 118:./Core/Src/fsm_auto.c **** }
 344              		.loc 1 118 1
 345 01fc 00BF     		nop
 346 01fe 80BD     		pop	{r7, pc}
 347              	.L27:
 348              		.align	2
 349              	.L26:
 350 0200 00000000 		.word	status
 351 0204 00000000 		.word	max_red1
 352 0208 00000000 		.word	counter
 353 020c 00000000 		.word	timer1_flag
 354 0210 00000000 		.word	max_yellow2
 355 0214 00000000 		.word	max_green1
 356 0218 00000000 		.word	max_yellow1
 357              		.cfi_endproc
 358              	.LFE68:
 360              		.text
 361              	.Letext0:
 362              		.file 2 "Core/Inc/timer.h"
 363              		.file 3 "Core/Inc/global.h"
 364              		.file 4 "Core/Inc/traffic.h"
 365              		.file 5 "Core/Inc/button.h"
ARM GAS  C:\Users\ULTIMA~1\AppData\Local\Temp\ccXjpYfu.s 			page 10


DEFINED SYMBOLS
                            *ABS*:0000000000000000 fsm_auto.c
C:\Users\ULTIMA~1\AppData\Local\Temp\ccXjpYfu.s:18     .text.fsm_auto_run:0000000000000000 $t
C:\Users\ULTIMA~1\AppData\Local\Temp\ccXjpYfu.s:24     .text.fsm_auto_run:0000000000000000 fsm_auto_run
C:\Users\ULTIMA~1\AppData\Local\Temp\ccXjpYfu.s:47     .text.fsm_auto_run:0000000000000018 $d
C:\Users\ULTIMA~1\AppData\Local\Temp\ccXjpYfu.s:52     .text.fsm_auto_run:000000000000002c $t
C:\Users\ULTIMA~1\AppData\Local\Temp\ccXjpYfu.s:350    .text.fsm_auto_run:0000000000000200 $d
                           .group:0000000000000000 wm4.0.cb5f01749778df26340c4505df3d34d0
                           .group:0000000000000000 wm4.stm32f1xx_hal_conf.h.21.98635006afa9a018cfa5e0632ed4968b
                           .group:0000000000000000 wm4.stm32f1xx.h.39.208bb8a61c892b7c37d899c49a031330
                           .group:0000000000000000 wm4.stm32f103xb.h.38.ec967d5ad9d3269cb0788eebda048e38
                           .group:0000000000000000 wm4._newlib_version.h.4.bfdf54b0af045d4a71376ae00f63a22c
                           .group:0000000000000000 wm4.features.h.33.318b64d71e0957639cfb30f1db1f7ec8
                           .group:0000000000000000 wm4._default_types.h.15.247e5cd201eca3442cbf5404108c4935
                           .group:0000000000000000 wm4._intsup.h.10.48bafbb683905c4daa4565a85aeeb264
                           .group:0000000000000000 wm4._stdint.h.10.c24fa3af3bc1706662bb5593a907e841
                           .group:0000000000000000 wm4.stdint.h.23.d53047a68f4a85177f80b422d52785ed
                           .group:0000000000000000 wm4.cmsis_version.h.32.4d5822004c01a829a975260e854b5f8e
                           .group:0000000000000000 wm4.core_cm3.h.66.fc46cac19810db8f98d67da7ef88f42c
                           .group:0000000000000000 wm4.cmsis_gcc.h.26.4f5798e999d5690b80e6ded3ecc94b37
                           .group:0000000000000000 wm4.core_cm3.h.127.f4474120f1a7524deb56f9d74ff175da
                           .group:0000000000000000 wm4.stm32f103xb.h.573.10249aa7473ca93be896fed94046a725
                           .group:0000000000000000 wm4.stm32f1xx.h.162.96b09079a093c34dbd7f0b85cbd0ddee
                           .group:0000000000000000 wm4.stm32_hal_legacy.h.23.91ba5b544a4c2be2620a1e7ff0049e10
                           .group:0000000000000000 wm4.stddef.h.39.144cf5ddcd53cbfdac30259dc1a6c87f
                           .group:0000000000000000 wm4.stm32f1xx_hal_def.h.57.18d01ce1aa74e9fb44dbf16f821a574a
                           .group:0000000000000000 wm4.stm32f1xx_hal_rcc.h.95.21591bbc513aaa813c0b8640c3b32517
                           .group:0000000000000000 wm4.stm32f1xx_hal_rcc_ex.h.22.8763f99bc1e3e2dcf0febe9161d81b37
                           .group:0000000000000000 wm4.stm32f1xx_hal_rcc.h.1202.f8e5f9e0cf4eef7840facf5396029056
                           .group:0000000000000000 wm4.stm32f1xx_hal_gpio.h.22.fa638d688dcc57ca806fe6a7831b0d04
                           .group:0000000000000000 wm4.stm32f1xx_hal_gpio_ex.h.22.51a50ef3512cd78017ce666a32d364bf
                           .group:0000000000000000 wm4.stm32f1xx_hal_gpio.h.263.f5ebf2f545ade59412ab9261c8e35dc4
                           .group:0000000000000000 wm4.stm32f1xx_hal_exti.h.22.e26491d042c8079c3ca67eca341af862
                           .group:0000000000000000 wm4.stm32f1xx_hal_dma.h.22.3c14338534886827bf3aeaa2a7f412a1
                           .group:0000000000000000 wm4.stm32f1xx_hal_dma_ex.h.22.001ac4d7f81ccbdcae49bd65c13858c8
                           .group:0000000000000000 wm4.stm32f1xx_hal_dma.h.409.cafcd2cfe701091535636be537c18293
                           .group:0000000000000000 wm4.stm32f1xx_hal_cortex.h.22.b5f4174bb6a50d95405567b8f50e0900
                           .group:0000000000000000 wm4.stm32f1xx_hal_flash.h.22.5cea9a7210e6315b41724b47b5fdf203
                           .group:0000000000000000 wm4.stm32f1xx_hal_flash_ex.h.22.d4e19c21f2a86fa2f8ec2c2d5f1ab2af
                           .group:0000000000000000 wm4.stm32f1xx_hal_pwr.h.22.3438c476faafc3240bf146f143df3fcd
                           .group:0000000000000000 wm4.stm32f1xx_hal_tim.h.22.a16e206564e97dbace9faae59a0d6008
                           .group:0000000000000000 wm4.stm32f1xx_hal_uart.h.22.5f7992e497faa36aa98f09f7214f4dbb
                           .group:0000000000000000 wm4.stm32f1xx_hal.h.88.91065c0692bed6019c34f1e9c00589fd
                           .group:0000000000000000 wm4.newlib.h.8.7cb3972cd43265932d4782d5eb589854
                           .group:0000000000000000 wm4.ieeefp.h.77.25247dc27dbe3b23bfe98c2dc18f6ac5
                           .group:0000000000000000 wm4.config.h.224.c701144a7b0518c6ee9b9b5465b79f81
                           .group:0000000000000000 wm4._ansi.h.31.de524f58584151836e90d8620a16f8e8
                           .group:0000000000000000 wm4.stdio.h.31.7c0e28c411445f3f9c5b11accf882760
                           .group:0000000000000000 wm4.stddef.h.155.ba788add86a0e365f264484f110c3c29
                           .group:0000000000000000 wm4.cdefs.h.49.39045112216f6a021dbdffe3bf5accce
                           .group:0000000000000000 wm4.stdarg.h.34.3a23a216c0c293b3d2ea2e89281481e6
                           .group:0000000000000000 wm4._types.h.20.dd0d04dca3800a0d2a6129b87f3adbb2
                           .group:0000000000000000 wm4.stddef.h.155.3588ebfdd1e8c7ede80509bb9c3b8009
                           .group:0000000000000000 wm4._types.h.127.34941de1b2539d59d5cac00e0dd27a45
                           .group:0000000000000000 wm4.reent.h.17.e292bf8b0bec6c96e131a54347145a30
                           .group:0000000000000000 wm4.lock.h.2.1461d1fff82dffe8bfddc23307f6484f
                           .group:0000000000000000 wm4.reent.h.77.dcd6129ff07fe81bd5636db29abe53b2
ARM GAS  C:\Users\ULTIMA~1\AppData\Local\Temp\ccXjpYfu.s 			page 11


                           .group:0000000000000000 wm4.types.h.40.8b6acba56cefbb11746718204edc8f5e
                           .group:0000000000000000 wm4._endian.h.31.65a10590763c3dde1ac4a7f66d7d4891
                           .group:0000000000000000 wm4.endian.h.9.49f3a4695c1b61e8a0808de3c4a106cb
                           .group:0000000000000000 wm4._timeval.h.32.bec3221fa7a9bb0bdde696c9c57e47d2
                           .group:0000000000000000 wm4.timespec.h.41.d855182eb0e690443ab8651bcedca6e1
                           .group:0000000000000000 wm4.select.h.19.40cd3f2bfc456b193b790c2754690ebf
                           .group:0000000000000000 wm4.types.h.51.5571ec98f267d17d3c670b7a3ba33afa
                           .group:0000000000000000 wm4.sched.h.22.c60982713a5c428609783c78f9c78d95
                           .group:0000000000000000 wm4._pthreadtypes.h.36.fcee9961c35163dde6267ef772ad1972
                           .group:0000000000000000 wm4.stdio.h.2.4aa87247282eca6c8f36f9de33d8df1a
                           .group:0000000000000000 wm4.stdio.h.81.932d0c162786b883f622b8d05c120c78
                           .group:0000000000000000 wm4.main.h.66.f6c32797044e6683294f2b743aea3471
                           .group:0000000000000000 wm4.button.h.9.c6366124cd589a43ad584300c9157129
                           .group:0000000000000000 wm4.global.h.11.2fb835f5a6e6029efdfc188ecbd44406

UNDEFINED SYMBOLS
setTimer1
displayCounter
setTraffic1Red
setTraffic2Green
setTraffic2Yellow
isButtonPressed
setTraffic1Green
setTraffic2Red
setTraffic1Yellow
status
max_red1
counter
timer1_flag
max_yellow2
max_green1
max_yellow1
