ARM GAS  C:\Users\ULTIMA~1\AppData\Local\Temp\cclAfc1T.s 			page 1


   1              		.cpu cortex-m3
   2              		.arch armv7-m
   3              		.fpu softvfp
   4              		.eabi_attribute 20, 1
   5              		.eabi_attribute 21, 1
   6              		.eabi_attribute 23, 3
   7              		.eabi_attribute 24, 1
   8              		.eabi_attribute 25, 1
   9              		.eabi_attribute 26, 1
  10              		.eabi_attribute 30, 6
  11              		.eabi_attribute 34, 1
  12              		.eabi_attribute 18, 4
  13              		.file	"fsm_manual.c"
  14              		.text
  15              	.Ltext0:
  16              		.cfi_sections	.debug_frame
  17              		.section	.text.fsm_manual_run,"ax",%progbits
  18              		.align	1
  19              		.global	fsm_manual_run
  20              		.syntax unified
  21              		.thumb
  22              		.thumb_func
  24              	fsm_manual_run:
  25              	.LFB68:
  26              		.file 1 "./Core/Src/fsm_manual.c"
   1:./Core/Src/fsm_manual.c **** 
   2:./Core/Src/fsm_manual.c **** #include "fsm_manual.h"
   3:./Core/Src/fsm_manual.c **** 
   4:./Core/Src/fsm_manual.c **** void fsm_manual_run(){
  27              		.loc 1 4 22
  28              		.cfi_startproc
  29              		@ args = 0, pretend = 0, frame = 0
  30              		@ frame_needed = 1, uses_anonymous_args = 0
  31 0000 80B5     		push	{r7, lr}
  32              		.cfi_def_cfa_offset 8
  33              		.cfi_offset 7, -8
  34              		.cfi_offset 14, -4
  35 0002 00AF     		add	r7, sp, #0
  36              		.cfi_def_cfa_register 7
   5:./Core/Src/fsm_manual.c **** 	switch (status) {
  37              		.loc 1 5 2
  38 0004 8C4B     		ldr	r3, .L27
  39 0006 1B68     		ldr	r3, [r3]
  40 0008 0B3B     		subs	r3, r3, #11
  41 000a 032B     		cmp	r3, #3
  42 000c 00F20881 		bhi	.L21
  43 0010 01A2     		adr	r2, .L4
  44 0012 52F823F0 		ldr	pc, [r2, r3, lsl #2]
  45 0016 00BF     		.p2align 2
  46              	.L4:
  47 0018 29000000 		.word	.L7+1
  48 001c A9000000 		.word	.L6+1
  49 0020 27010000 		.word	.L5+1
  50 0024 A3010000 		.word	.L3+1
  51              		.p2align 1
  52              	.L7:
   6:./Core/Src/fsm_manual.c **** 		case MAN_RED_GREEN:
ARM GAS  C:\Users\ULTIMA~1\AppData\Local\Temp\cclAfc1T.s 			page 2


   7:./Core/Src/fsm_manual.c **** 			//isButtonPressed(3);
   8:./Core/Src/fsm_manual.c **** 			if(timer1_flag) {
  53              		.loc 1 8 7
  54 0028 844B     		ldr	r3, .L27+4
  55 002a 1B68     		ldr	r3, [r3]
  56              		.loc 1 8 6
  57 002c 002B     		cmp	r3, #0
  58 002e 10D0     		beq	.L8
   9:./Core/Src/fsm_manual.c **** 				status = AUTO_RED_YELLOW;
  59              		.loc 1 9 12
  60 0030 814B     		ldr	r3, .L27
  61 0032 0322     		movs	r2, #3
  62 0034 1A60     		str	r2, [r3]
  10:./Core/Src/fsm_manual.c **** 				setTimer1(1000);
  63              		.loc 1 10 5
  64 0036 4FF47A70 		mov	r0, #1000
  65 003a FFF7FEFF 		bl	setTimer1
  11:./Core/Src/fsm_manual.c **** 				counter = max_yellow2;
  66              		.loc 1 11 13
  67 003e 804B     		ldr	r3, .L27+8
  68 0040 1B68     		ldr	r3, [r3]
  69 0042 804A     		ldr	r2, .L27+12
  70 0044 1360     		str	r3, [r2]
  12:./Core/Src/fsm_manual.c **** 				displayCounter();
  71              		.loc 1 12 5
  72 0046 FFF7FEFF 		bl	displayCounter
  13:./Core/Src/fsm_manual.c **** 				setTraffic1Red();
  73              		.loc 1 13 5
  74 004a FFF7FEFF 		bl	setTraffic1Red
  14:./Core/Src/fsm_manual.c **** 				setTraffic2Yellow();
  75              		.loc 1 14 5
  76 004e FFF7FEFF 		bl	setTraffic2Yellow
  77              	.L8:
  15:./Core/Src/fsm_manual.c **** 			}
  16:./Core/Src/fsm_manual.c **** 
  17:./Core/Src/fsm_manual.c **** 			if(isButtonPressed(1)){
  78              		.loc 1 17 7
  79 0052 0120     		movs	r0, #1
  80 0054 FFF7FEFF 		bl	isButtonPressed
  81 0058 0346     		mov	r3, r0
  82              		.loc 1 17 6
  83 005a 002B     		cmp	r3, #0
  84 005c 11D0     		beq	.L9
  18:./Core/Src/fsm_manual.c **** 				//isButtonPressed(2);
  19:./Core/Src/fsm_manual.c **** 				status = TUNING_RED1;
  85              		.loc 1 19 12
  86 005e 764B     		ldr	r3, .L27
  87 0060 1522     		movs	r2, #21
  88 0062 1A60     		str	r2, [r3]
  20:./Core/Src/fsm_manual.c **** 				setTimer1(1000);
  89              		.loc 1 20 5
  90 0064 4FF47A70 		mov	r0, #1000
  91 0068 FFF7FEFF 		bl	setTimer1
  21:./Core/Src/fsm_manual.c **** 				counter = max_red1;
  92              		.loc 1 21 13
  93 006c 764B     		ldr	r3, .L27+16
  94 006e 1B68     		ldr	r3, [r3]
ARM GAS  C:\Users\ULTIMA~1\AppData\Local\Temp\cclAfc1T.s 			page 3


  95 0070 744A     		ldr	r2, .L27+12
  96 0072 1360     		str	r3, [r2]
  22:./Core/Src/fsm_manual.c **** 				displayCounter();
  97              		.loc 1 22 5
  98 0074 FFF7FEFF 		bl	displayCounter
  23:./Core/Src/fsm_manual.c **** 				clearTraffic1();
  99              		.loc 1 23 5
 100 0078 FFF7FEFF 		bl	clearTraffic1
  24:./Core/Src/fsm_manual.c **** 				clearTraffic2();
 101              		.loc 1 24 5
 102 007c FFF7FEFF 		bl	clearTraffic2
  25:./Core/Src/fsm_manual.c **** 				break;
 103              		.loc 1 25 5
 104 0080 D7E0     		b	.L10
 105              	.L9:
  26:./Core/Src/fsm_manual.c **** 			}
  27:./Core/Src/fsm_manual.c **** 
  28:./Core/Src/fsm_manual.c **** 			if (isButtonPressed(2)) {
 106              		.loc 1 28 8
 107 0082 0220     		movs	r0, #2
 108 0084 FFF7FEFF 		bl	isButtonPressed
 109 0088 0346     		mov	r3, r0
 110              		.loc 1 28 7
 111 008a 002B     		cmp	r3, #0
 112 008c 00F0CA80 		beq	.L22
  29:./Core/Src/fsm_manual.c **** 				status = MAN_RED_YELLOW;
 113              		.loc 1 29 12
 114 0090 694B     		ldr	r3, .L27
 115 0092 0C22     		movs	r2, #12
 116 0094 1A60     		str	r2, [r3]
  30:./Core/Src/fsm_manual.c **** 				setTraffic1Red();
 117              		.loc 1 30 5
 118 0096 FFF7FEFF 		bl	setTraffic1Red
  31:./Core/Src/fsm_manual.c **** 				setTraffic2Yellow();
 119              		.loc 1 31 5
 120 009a FFF7FEFF 		bl	setTraffic2Yellow
  32:./Core/Src/fsm_manual.c **** 				setTimer1(30000);
 121              		.loc 1 32 5
 122 009e 47F23050 		movw	r0, #30000
 123 00a2 FFF7FEFF 		bl	setTimer1
  33:./Core/Src/fsm_manual.c **** 			}
  34:./Core/Src/fsm_manual.c **** 			break;
 124              		.loc 1 34 4
 125 00a6 BDE0     		b	.L22
 126              	.L6:
  35:./Core/Src/fsm_manual.c **** 
  36:./Core/Src/fsm_manual.c **** 		case MAN_RED_YELLOW:
  37:./Core/Src/fsm_manual.c **** 			//isButtonPressed(3);
  38:./Core/Src/fsm_manual.c **** 			if(timer1_flag) {
 127              		.loc 1 38 7
 128 00a8 644B     		ldr	r3, .L27+4
 129 00aa 1B68     		ldr	r3, [r3]
 130              		.loc 1 38 6
 131 00ac 002B     		cmp	r3, #0
 132 00ae 10D0     		beq	.L12
  39:./Core/Src/fsm_manual.c **** 				status = AUTO_GREEN_RED;
 133              		.loc 1 39 12
ARM GAS  C:\Users\ULTIMA~1\AppData\Local\Temp\cclAfc1T.s 			page 4


 134 00b0 614B     		ldr	r3, .L27
 135 00b2 0422     		movs	r2, #4
 136 00b4 1A60     		str	r2, [r3]
  40:./Core/Src/fsm_manual.c **** 				setTimer1(1000);
 137              		.loc 1 40 5
 138 00b6 4FF47A70 		mov	r0, #1000
 139 00ba FFF7FEFF 		bl	setTimer1
  41:./Core/Src/fsm_manual.c **** 				counter = max_green1;
 140              		.loc 1 41 13
 141 00be 634B     		ldr	r3, .L27+20
 142 00c0 1B68     		ldr	r3, [r3]
 143 00c2 604A     		ldr	r2, .L27+12
 144 00c4 1360     		str	r3, [r2]
  42:./Core/Src/fsm_manual.c **** 				displayCounter();
 145              		.loc 1 42 5
 146 00c6 FFF7FEFF 		bl	displayCounter
  43:./Core/Src/fsm_manual.c **** 				setTraffic1Green();
 147              		.loc 1 43 5
 148 00ca FFF7FEFF 		bl	setTraffic1Green
  44:./Core/Src/fsm_manual.c **** 				setTraffic2Red();
 149              		.loc 1 44 5
 150 00ce FFF7FEFF 		bl	setTraffic2Red
 151              	.L12:
  45:./Core/Src/fsm_manual.c **** 			}
  46:./Core/Src/fsm_manual.c **** 
  47:./Core/Src/fsm_manual.c **** 			if(isButtonPressed(1)) {
 152              		.loc 1 47 7
 153 00d2 0120     		movs	r0, #1
 154 00d4 FFF7FEFF 		bl	isButtonPressed
 155 00d8 0346     		mov	r3, r0
 156              		.loc 1 47 6
 157 00da 002B     		cmp	r3, #0
 158 00dc 10D0     		beq	.L13
  48:./Core/Src/fsm_manual.c **** 				//isButtonPressed(2);
  49:./Core/Src/fsm_manual.c **** 				status = TUNING_RED1;
 159              		.loc 1 49 12
 160 00de 564B     		ldr	r3, .L27
 161 00e0 1522     		movs	r2, #21
 162 00e2 1A60     		str	r2, [r3]
  50:./Core/Src/fsm_manual.c **** 				setTimer1(1000);
 163              		.loc 1 50 5
 164 00e4 4FF47A70 		mov	r0, #1000
 165 00e8 FFF7FEFF 		bl	setTimer1
  51:./Core/Src/fsm_manual.c **** 				counter = max_red1;
 166              		.loc 1 51 13
 167 00ec 564B     		ldr	r3, .L27+16
 168 00ee 1B68     		ldr	r3, [r3]
 169 00f0 544A     		ldr	r2, .L27+12
 170 00f2 1360     		str	r3, [r2]
  52:./Core/Src/fsm_manual.c **** 				displayCounter();
 171              		.loc 1 52 5
 172 00f4 FFF7FEFF 		bl	displayCounter
  53:./Core/Src/fsm_manual.c **** 				clearTraffic1();
 173              		.loc 1 53 5
 174 00f8 FFF7FEFF 		bl	clearTraffic1
  54:./Core/Src/fsm_manual.c **** 				clearTraffic2();
 175              		.loc 1 54 5
ARM GAS  C:\Users\ULTIMA~1\AppData\Local\Temp\cclAfc1T.s 			page 5


 176 00fc FFF7FEFF 		bl	clearTraffic2
 177              	.L13:
  55:./Core/Src/fsm_manual.c **** 				//isButtonPressed(2);
  56:./Core/Src/fsm_manual.c **** 			}
  57:./Core/Src/fsm_manual.c **** 
  58:./Core/Src/fsm_manual.c **** 			if (isButtonPressed(2)) {
 178              		.loc 1 58 8
 179 0100 0220     		movs	r0, #2
 180 0102 FFF7FEFF 		bl	isButtonPressed
 181 0106 0346     		mov	r3, r0
 182              		.loc 1 58 7
 183 0108 002B     		cmp	r3, #0
 184 010a 00F08D80 		beq	.L23
  59:./Core/Src/fsm_manual.c **** 				status = MAN_GREEN_RED;
 185              		.loc 1 59 12
 186 010e 4A4B     		ldr	r3, .L27
 187 0110 0D22     		movs	r2, #13
 188 0112 1A60     		str	r2, [r3]
  60:./Core/Src/fsm_manual.c **** 				setTraffic1Green();
 189              		.loc 1 60 5
 190 0114 FFF7FEFF 		bl	setTraffic1Green
  61:./Core/Src/fsm_manual.c **** 				setTraffic2Red();
 191              		.loc 1 61 5
 192 0118 FFF7FEFF 		bl	setTraffic2Red
  62:./Core/Src/fsm_manual.c **** 				setTimer1(30000);
 193              		.loc 1 62 5
 194 011c 47F23050 		movw	r0, #30000
 195 0120 FFF7FEFF 		bl	setTimer1
  63:./Core/Src/fsm_manual.c **** 			}
  64:./Core/Src/fsm_manual.c **** 
  65:./Core/Src/fsm_manual.c **** 
  66:./Core/Src/fsm_manual.c **** 			break;
 196              		.loc 1 66 4
 197 0124 80E0     		b	.L23
 198              	.L5:
  67:./Core/Src/fsm_manual.c **** 
  68:./Core/Src/fsm_manual.c **** 		case MAN_GREEN_RED:
  69:./Core/Src/fsm_manual.c **** 			//isButtonPressed(3);
  70:./Core/Src/fsm_manual.c **** 			if(timer1_flag) {
 199              		.loc 1 70 7
 200 0126 454B     		ldr	r3, .L27+4
 201 0128 1B68     		ldr	r3, [r3]
 202              		.loc 1 70 6
 203 012a 002B     		cmp	r3, #0
 204 012c 10D0     		beq	.L15
  71:./Core/Src/fsm_manual.c **** 				status = AUTO_YELLOW_RED;
 205              		.loc 1 71 12
 206 012e 424B     		ldr	r3, .L27
 207 0130 0522     		movs	r2, #5
 208 0132 1A60     		str	r2, [r3]
  72:./Core/Src/fsm_manual.c **** 				setTimer1(1000);
 209              		.loc 1 72 5
 210 0134 4FF47A70 		mov	r0, #1000
 211 0138 FFF7FEFF 		bl	setTimer1
  73:./Core/Src/fsm_manual.c **** 				counter = max_yellow1;
 212              		.loc 1 73 13
 213 013c 444B     		ldr	r3, .L27+24
ARM GAS  C:\Users\ULTIMA~1\AppData\Local\Temp\cclAfc1T.s 			page 6


 214 013e 1B68     		ldr	r3, [r3]
 215 0140 404A     		ldr	r2, .L27+12
 216 0142 1360     		str	r3, [r2]
  74:./Core/Src/fsm_manual.c **** 				displayCounter();
 217              		.loc 1 74 5
 218 0144 FFF7FEFF 		bl	displayCounter
  75:./Core/Src/fsm_manual.c **** 				setTraffic1Yellow();
 219              		.loc 1 75 5
 220 0148 FFF7FEFF 		bl	setTraffic1Yellow
  76:./Core/Src/fsm_manual.c **** 				setTraffic2Red();
 221              		.loc 1 76 5
 222 014c FFF7FEFF 		bl	setTraffic2Red
 223              	.L15:
  77:./Core/Src/fsm_manual.c **** 			}
  78:./Core/Src/fsm_manual.c **** 
  79:./Core/Src/fsm_manual.c **** 			if(isButtonPressed(1)) {
 224              		.loc 1 79 7
 225 0150 0120     		movs	r0, #1
 226 0152 FFF7FEFF 		bl	isButtonPressed
 227 0156 0346     		mov	r3, r0
 228              		.loc 1 79 6
 229 0158 002B     		cmp	r3, #0
 230 015a 10D0     		beq	.L16
  80:./Core/Src/fsm_manual.c **** 				//isButtonPressed(2);
  81:./Core/Src/fsm_manual.c **** 				status = TUNING_RED1;
 231              		.loc 1 81 12
 232 015c 364B     		ldr	r3, .L27
 233 015e 1522     		movs	r2, #21
 234 0160 1A60     		str	r2, [r3]
  82:./Core/Src/fsm_manual.c **** 				setTimer1(1000);
 235              		.loc 1 82 5
 236 0162 4FF47A70 		mov	r0, #1000
 237 0166 FFF7FEFF 		bl	setTimer1
  83:./Core/Src/fsm_manual.c **** 				counter = max_red1;
 238              		.loc 1 83 13
 239 016a 374B     		ldr	r3, .L27+16
 240 016c 1B68     		ldr	r3, [r3]
 241 016e 354A     		ldr	r2, .L27+12
 242 0170 1360     		str	r3, [r2]
  84:./Core/Src/fsm_manual.c **** 				displayCounter();
 243              		.loc 1 84 5
 244 0172 FFF7FEFF 		bl	displayCounter
  85:./Core/Src/fsm_manual.c **** 				clearTraffic1();
 245              		.loc 1 85 5
 246 0176 FFF7FEFF 		bl	clearTraffic1
  86:./Core/Src/fsm_manual.c **** 				clearTraffic2();
 247              		.loc 1 86 5
 248 017a FFF7FEFF 		bl	clearTraffic2
 249              	.L16:
  87:./Core/Src/fsm_manual.c **** 				//isButtonPressed(2);
  88:./Core/Src/fsm_manual.c **** 			}
  89:./Core/Src/fsm_manual.c **** 
  90:./Core/Src/fsm_manual.c **** 			if (isButtonPressed(2)) {
 250              		.loc 1 90 8
 251 017e 0220     		movs	r0, #2
 252 0180 FFF7FEFF 		bl	isButtonPressed
 253 0184 0346     		mov	r3, r0
ARM GAS  C:\Users\ULTIMA~1\AppData\Local\Temp\cclAfc1T.s 			page 7


 254              		.loc 1 90 7
 255 0186 002B     		cmp	r3, #0
 256 0188 50D0     		beq	.L24
  91:./Core/Src/fsm_manual.c **** 				status = MAN_YELLOW_RED;
 257              		.loc 1 91 12
 258 018a 2B4B     		ldr	r3, .L27
 259 018c 0E22     		movs	r2, #14
 260 018e 1A60     		str	r2, [r3]
  92:./Core/Src/fsm_manual.c **** 				setTraffic1Yellow();
 261              		.loc 1 92 5
 262 0190 FFF7FEFF 		bl	setTraffic1Yellow
  93:./Core/Src/fsm_manual.c **** 				setTraffic2Red();
 263              		.loc 1 93 5
 264 0194 FFF7FEFF 		bl	setTraffic2Red
  94:./Core/Src/fsm_manual.c **** 				setTimer1(30000);
 265              		.loc 1 94 5
 266 0198 47F23050 		movw	r0, #30000
 267 019c FFF7FEFF 		bl	setTimer1
  95:./Core/Src/fsm_manual.c **** 			}
  96:./Core/Src/fsm_manual.c **** 
  97:./Core/Src/fsm_manual.c **** 			break;
 268              		.loc 1 97 4
 269 01a0 44E0     		b	.L24
 270              	.L3:
  98:./Core/Src/fsm_manual.c **** 
  99:./Core/Src/fsm_manual.c **** 		case MAN_YELLOW_RED:
 100:./Core/Src/fsm_manual.c **** 			//isButtonPressed(3);
 101:./Core/Src/fsm_manual.c **** 			if(timer1_flag) {
 271              		.loc 1 101 7
 272 01a2 264B     		ldr	r3, .L27+4
 273 01a4 1B68     		ldr	r3, [r3]
 274              		.loc 1 101 6
 275 01a6 002B     		cmp	r3, #0
 276 01a8 10D0     		beq	.L18
 102:./Core/Src/fsm_manual.c **** 				status = AUTO_RED_GREEN;
 277              		.loc 1 102 12
 278 01aa 234B     		ldr	r3, .L27
 279 01ac 0222     		movs	r2, #2
 280 01ae 1A60     		str	r2, [r3]
 103:./Core/Src/fsm_manual.c **** 				setTimer1(1000);
 281              		.loc 1 103 5
 282 01b0 4FF47A70 		mov	r0, #1000
 283 01b4 FFF7FEFF 		bl	setTimer1
 104:./Core/Src/fsm_manual.c **** 				counter = max_red1;
 284              		.loc 1 104 13
 285 01b8 234B     		ldr	r3, .L27+16
 286 01ba 1B68     		ldr	r3, [r3]
 287 01bc 214A     		ldr	r2, .L27+12
 288 01be 1360     		str	r3, [r2]
 105:./Core/Src/fsm_manual.c **** 				displayCounter();
 289              		.loc 1 105 5
 290 01c0 FFF7FEFF 		bl	displayCounter
 106:./Core/Src/fsm_manual.c **** 				setTraffic1Red();
 291              		.loc 1 106 5
 292 01c4 FFF7FEFF 		bl	setTraffic1Red
 107:./Core/Src/fsm_manual.c **** 				setTraffic2Green();
 293              		.loc 1 107 5
ARM GAS  C:\Users\ULTIMA~1\AppData\Local\Temp\cclAfc1T.s 			page 8


 294 01c8 FFF7FEFF 		bl	setTraffic2Green
 295              	.L18:
 108:./Core/Src/fsm_manual.c **** 			}
 109:./Core/Src/fsm_manual.c **** 
 110:./Core/Src/fsm_manual.c **** 			if(isButtonPressed(1)) {
 296              		.loc 1 110 7
 297 01cc 0120     		movs	r0, #1
 298 01ce FFF7FEFF 		bl	isButtonPressed
 299 01d2 0346     		mov	r3, r0
 300              		.loc 1 110 6
 301 01d4 002B     		cmp	r3, #0
 302 01d6 11D0     		beq	.L19
 111:./Core/Src/fsm_manual.c **** 				//isButtonPressed(2);
 112:./Core/Src/fsm_manual.c **** 				status = TUNING_RED1;
 303              		.loc 1 112 12
 304 01d8 174B     		ldr	r3, .L27
 305 01da 1522     		movs	r2, #21
 306 01dc 1A60     		str	r2, [r3]
 113:./Core/Src/fsm_manual.c **** 				setTimer1(1000);
 307              		.loc 1 113 5
 308 01de 4FF47A70 		mov	r0, #1000
 309 01e2 FFF7FEFF 		bl	setTimer1
 114:./Core/Src/fsm_manual.c **** 				counter = max_red1;
 310              		.loc 1 114 13
 311 01e6 184B     		ldr	r3, .L27+16
 312 01e8 1B68     		ldr	r3, [r3]
 313 01ea 164A     		ldr	r2, .L27+12
 314 01ec 1360     		str	r3, [r2]
 115:./Core/Src/fsm_manual.c **** 				displayCounter();
 315              		.loc 1 115 5
 316 01ee FFF7FEFF 		bl	displayCounter
 116:./Core/Src/fsm_manual.c **** 				clearTraffic1();
 317              		.loc 1 116 5
 318 01f2 FFF7FEFF 		bl	clearTraffic1
 117:./Core/Src/fsm_manual.c **** 				clearTraffic2();
 319              		.loc 1 117 5
 320 01f6 FFF7FEFF 		bl	clearTraffic2
 118:./Core/Src/fsm_manual.c **** 				break;
 321              		.loc 1 118 5
 322 01fa 1AE0     		b	.L10
 323              	.L19:
 119:./Core/Src/fsm_manual.c **** 			}
 120:./Core/Src/fsm_manual.c **** 
 121:./Core/Src/fsm_manual.c **** 			if (isButtonPressed(2)) {
 324              		.loc 1 121 8
 325 01fc 0220     		movs	r0, #2
 326 01fe FFF7FEFF 		bl	isButtonPressed
 327 0202 0346     		mov	r3, r0
 328              		.loc 1 121 7
 329 0204 002B     		cmp	r3, #0
 330 0206 13D0     		beq	.L25
 122:./Core/Src/fsm_manual.c **** 				status = MAN_RED_GREEN;
 331              		.loc 1 122 12
 332 0208 0B4B     		ldr	r3, .L27
 333 020a 0B22     		movs	r2, #11
 334 020c 1A60     		str	r2, [r3]
 123:./Core/Src/fsm_manual.c **** 				setTraffic1Red();
ARM GAS  C:\Users\ULTIMA~1\AppData\Local\Temp\cclAfc1T.s 			page 9


 335              		.loc 1 123 5
 336 020e FFF7FEFF 		bl	setTraffic1Red
 124:./Core/Src/fsm_manual.c **** 				setTraffic2Green();
 337              		.loc 1 124 5
 338 0212 FFF7FEFF 		bl	setTraffic2Green
 125:./Core/Src/fsm_manual.c **** 				setTimer1(30000);
 339              		.loc 1 125 5
 340 0216 47F23050 		movw	r0, #30000
 341 021a FFF7FEFF 		bl	setTimer1
 126:./Core/Src/fsm_manual.c **** 			}
 127:./Core/Src/fsm_manual.c **** 
 128:./Core/Src/fsm_manual.c **** 
 129:./Core/Src/fsm_manual.c **** 			break;
 342              		.loc 1 129 4
 343 021e 07E0     		b	.L25
 344              	.L21:
 130:./Core/Src/fsm_manual.c **** 		default:
 131:./Core/Src/fsm_manual.c **** 			break;
 345              		.loc 1 131 4
 346 0220 00BF     		nop
 347 0222 06E0     		b	.L26
 348              	.L22:
  34:./Core/Src/fsm_manual.c **** 
 349              		.loc 1 34 4
 350 0224 00BF     		nop
 351 0226 04E0     		b	.L26
 352              	.L23:
  66:./Core/Src/fsm_manual.c **** 
 353              		.loc 1 66 4
 354 0228 00BF     		nop
 355 022a 02E0     		b	.L26
 356              	.L24:
  97:./Core/Src/fsm_manual.c **** 
 357              		.loc 1 97 4
 358 022c 00BF     		nop
 359 022e 00E0     		b	.L26
 360              	.L25:
 129:./Core/Src/fsm_manual.c **** 		default:
 361              		.loc 1 129 4
 362 0230 00BF     		nop
 363              	.L10:
 364              	.L26:
 132:./Core/Src/fsm_manual.c **** 	}
 133:./Core/Src/fsm_manual.c **** }
 365              		.loc 1 133 1
 366 0232 00BF     		nop
 367 0234 80BD     		pop	{r7, pc}
 368              	.L28:
 369 0236 00BF     		.align	2
 370              	.L27:
 371 0238 00000000 		.word	status
 372 023c 00000000 		.word	timer1_flag
 373 0240 00000000 		.word	max_yellow2
 374 0244 00000000 		.word	counter
 375 0248 00000000 		.word	max_red1
 376 024c 00000000 		.word	max_green1
 377 0250 00000000 		.word	max_yellow1
ARM GAS  C:\Users\ULTIMA~1\AppData\Local\Temp\cclAfc1T.s 			page 10


 378              		.cfi_endproc
 379              	.LFE68:
 381              		.text
 382              	.Letext0:
 383              		.file 2 "Core/Inc/timer.h"
 384              		.file 3 "Core/Inc/global.h"
 385              		.file 4 "Core/Inc/traffic.h"
 386              		.file 5 "Core/Inc/button.h"
ARM GAS  C:\Users\ULTIMA~1\AppData\Local\Temp\cclAfc1T.s 			page 11


DEFINED SYMBOLS
                            *ABS*:0000000000000000 fsm_manual.c
C:\Users\ULTIMA~1\AppData\Local\Temp\cclAfc1T.s:18     .text.fsm_manual_run:0000000000000000 $t
C:\Users\ULTIMA~1\AppData\Local\Temp\cclAfc1T.s:24     .text.fsm_manual_run:0000000000000000 fsm_manual_run
C:\Users\ULTIMA~1\AppData\Local\Temp\cclAfc1T.s:47     .text.fsm_manual_run:0000000000000018 $d
C:\Users\ULTIMA~1\AppData\Local\Temp\cclAfc1T.s:51     .text.fsm_manual_run:0000000000000028 $t
C:\Users\ULTIMA~1\AppData\Local\Temp\cclAfc1T.s:371    .text.fsm_manual_run:0000000000000238 $d
                           .group:0000000000000000 wm4.0.cb5f01749778df26340c4505df3d34d0
                           .group:0000000000000000 wm4.stm32f1xx_hal_conf.h.21.98635006afa9a018cfa5e0632ed4968b
                           .group:0000000000000000 wm4.stm32f1xx.h.39.208bb8a61c892b7c37d899c49a031330
                           .group:0000000000000000 wm4.stm32f103xb.h.38.ec967d5ad9d3269cb0788eebda048e38
                           .group:0000000000000000 wm4._newlib_version.h.4.bfdf54b0af045d4a71376ae00f63a22c
                           .group:0000000000000000 wm4.features.h.33.318b64d71e0957639cfb30f1db1f7ec8
                           .group:0000000000000000 wm4._default_types.h.15.247e5cd201eca3442cbf5404108c4935
                           .group:0000000000000000 wm4._intsup.h.10.48bafbb683905c4daa4565a85aeeb264
                           .group:0000000000000000 wm4._stdint.h.10.c24fa3af3bc1706662bb5593a907e841
                           .group:0000000000000000 wm4.stdint.h.23.d53047a68f4a85177f80b422d52785ed
                           .group:0000000000000000 wm4.cmsis_version.h.32.4d5822004c01a829a975260e854b5f8e
                           .group:0000000000000000 wm4.core_cm3.h.66.fc46cac19810db8f98d67da7ef88f42c
                           .group:0000000000000000 wm4.cmsis_gcc.h.26.4f5798e999d5690b80e6ded3ecc94b37
                           .group:0000000000000000 wm4.core_cm3.h.127.f4474120f1a7524deb56f9d74ff175da
                           .group:0000000000000000 wm4.stm32f103xb.h.573.10249aa7473ca93be896fed94046a725
                           .group:0000000000000000 wm4.stm32f1xx.h.162.96b09079a093c34dbd7f0b85cbd0ddee
                           .group:0000000000000000 wm4.stm32_hal_legacy.h.23.91ba5b544a4c2be2620a1e7ff0049e10
                           .group:0000000000000000 wm4.stddef.h.39.144cf5ddcd53cbfdac30259dc1a6c87f
                           .group:0000000000000000 wm4.stm32f1xx_hal_def.h.57.18d01ce1aa74e9fb44dbf16f821a574a
                           .group:0000000000000000 wm4.stm32f1xx_hal_rcc.h.95.21591bbc513aaa813c0b8640c3b32517
                           .group:0000000000000000 wm4.stm32f1xx_hal_rcc_ex.h.22.8763f99bc1e3e2dcf0febe9161d81b37
                           .group:0000000000000000 wm4.stm32f1xx_hal_rcc.h.1202.f8e5f9e0cf4eef7840facf5396029056
                           .group:0000000000000000 wm4.stm32f1xx_hal_gpio.h.22.fa638d688dcc57ca806fe6a7831b0d04
                           .group:0000000000000000 wm4.stm32f1xx_hal_gpio_ex.h.22.51a50ef3512cd78017ce666a32d364bf
                           .group:0000000000000000 wm4.stm32f1xx_hal_gpio.h.263.f5ebf2f545ade59412ab9261c8e35dc4
                           .group:0000000000000000 wm4.stm32f1xx_hal_exti.h.22.e26491d042c8079c3ca67eca341af862
                           .group:0000000000000000 wm4.stm32f1xx_hal_dma.h.22.3c14338534886827bf3aeaa2a7f412a1
                           .group:0000000000000000 wm4.stm32f1xx_hal_dma_ex.h.22.001ac4d7f81ccbdcae49bd65c13858c8
                           .group:0000000000000000 wm4.stm32f1xx_hal_dma.h.409.cafcd2cfe701091535636be537c18293
                           .group:0000000000000000 wm4.stm32f1xx_hal_cortex.h.22.b5f4174bb6a50d95405567b8f50e0900
                           .group:0000000000000000 wm4.stm32f1xx_hal_flash.h.22.5cea9a7210e6315b41724b47b5fdf203
                           .group:0000000000000000 wm4.stm32f1xx_hal_flash_ex.h.22.d4e19c21f2a86fa2f8ec2c2d5f1ab2af
                           .group:0000000000000000 wm4.stm32f1xx_hal_pwr.h.22.3438c476faafc3240bf146f143df3fcd
                           .group:0000000000000000 wm4.stm32f1xx_hal_tim.h.22.a16e206564e97dbace9faae59a0d6008
                           .group:0000000000000000 wm4.stm32f1xx_hal_uart.h.22.5f7992e497faa36aa98f09f7214f4dbb
                           .group:0000000000000000 wm4.stm32f1xx_hal.h.88.91065c0692bed6019c34f1e9c00589fd
                           .group:0000000000000000 wm4.newlib.h.8.7cb3972cd43265932d4782d5eb589854
                           .group:0000000000000000 wm4.ieeefp.h.77.25247dc27dbe3b23bfe98c2dc18f6ac5
                           .group:0000000000000000 wm4.config.h.224.c701144a7b0518c6ee9b9b5465b79f81
                           .group:0000000000000000 wm4._ansi.h.31.de524f58584151836e90d8620a16f8e8
                           .group:0000000000000000 wm4.stdio.h.31.7c0e28c411445f3f9c5b11accf882760
                           .group:0000000000000000 wm4.stddef.h.155.ba788add86a0e365f264484f110c3c29
                           .group:0000000000000000 wm4.cdefs.h.49.39045112216f6a021dbdffe3bf5accce
                           .group:0000000000000000 wm4.stdarg.h.34.3a23a216c0c293b3d2ea2e89281481e6
                           .group:0000000000000000 wm4._types.h.20.dd0d04dca3800a0d2a6129b87f3adbb2
                           .group:0000000000000000 wm4.stddef.h.155.3588ebfdd1e8c7ede80509bb9c3b8009
                           .group:0000000000000000 wm4._types.h.127.34941de1b2539d59d5cac00e0dd27a45
                           .group:0000000000000000 wm4.reent.h.17.e292bf8b0bec6c96e131a54347145a30
                           .group:0000000000000000 wm4.lock.h.2.1461d1fff82dffe8bfddc23307f6484f
                           .group:0000000000000000 wm4.reent.h.77.dcd6129ff07fe81bd5636db29abe53b2
ARM GAS  C:\Users\ULTIMA~1\AppData\Local\Temp\cclAfc1T.s 			page 12


                           .group:0000000000000000 wm4.types.h.40.8b6acba56cefbb11746718204edc8f5e
                           .group:0000000000000000 wm4._endian.h.31.65a10590763c3dde1ac4a7f66d7d4891
                           .group:0000000000000000 wm4.endian.h.9.49f3a4695c1b61e8a0808de3c4a106cb
                           .group:0000000000000000 wm4._timeval.h.32.bec3221fa7a9bb0bdde696c9c57e47d2
                           .group:0000000000000000 wm4.timespec.h.41.d855182eb0e690443ab8651bcedca6e1
                           .group:0000000000000000 wm4.select.h.19.40cd3f2bfc456b193b790c2754690ebf
                           .group:0000000000000000 wm4.types.h.51.5571ec98f267d17d3c670b7a3ba33afa
                           .group:0000000000000000 wm4.sched.h.22.c60982713a5c428609783c78f9c78d95
                           .group:0000000000000000 wm4._pthreadtypes.h.36.fcee9961c35163dde6267ef772ad1972
                           .group:0000000000000000 wm4.stdio.h.2.4aa87247282eca6c8f36f9de33d8df1a
                           .group:0000000000000000 wm4.stdio.h.81.932d0c162786b883f622b8d05c120c78
                           .group:0000000000000000 wm4.main.h.66.f6c32797044e6683294f2b743aea3471
                           .group:0000000000000000 wm4.button.h.9.c6366124cd589a43ad584300c9157129
                           .group:0000000000000000 wm4.global.h.11.2fb835f5a6e6029efdfc188ecbd44406

UNDEFINED SYMBOLS
setTimer1
displayCounter
setTraffic1Red
setTraffic2Yellow
isButtonPressed
clearTraffic1
clearTraffic2
setTraffic1Green
setTraffic2Red
setTraffic1Yellow
setTraffic2Green
status
timer1_flag
max_yellow2
counter
max_red1
max_green1
max_yellow1
