ARM GAS  C:\Users\ULTIMA~1\AppData\Local\Temp\ccdfERFl.s 			page 1


   1              		.cpu cortex-m3
   2              		.arch armv7-m
   3              		.fpu softvfp
   4              		.eabi_attribute 20, 1
   5              		.eabi_attribute 21, 1
   6              		.eabi_attribute 23, 3
   7              		.eabi_attribute 24, 1
   8              		.eabi_attribute 25, 1
   9              		.eabi_attribute 26, 1
  10              		.eabi_attribute 30, 6
  11              		.eabi_attribute 34, 1
  12              		.eabi_attribute 18, 4
  13              		.file	"main.c"
  14              		.text
  15              	.Ltext0:
  16              		.cfi_sections	.debug_frame
  17              		.global	htim2
  18              		.section	.bss.htim2,"aw",%nobits
  19              		.align	2
  22              	htim2:
  23 0000 00000000 		.space	72
  23      00000000 
  23      00000000 
  23      00000000 
  23      00000000 
  24              		.global	htim3
  25              		.section	.bss.htim3,"aw",%nobits
  26              		.align	2
  29              	htim3:
  30 0000 00000000 		.space	72
  30      00000000 
  30      00000000 
  30      00000000 
  30      00000000 
  31              		.global	huart2
  32              		.section	.bss.huart2,"aw",%nobits
  33              		.align	2
  36              	huart2:
  37 0000 00000000 		.space	68
  37      00000000 
  37      00000000 
  37      00000000 
  37      00000000 
  38              		.section	.text.test_IO,"ax",%progbits
  39              		.align	1
  40              		.global	test_IO
  41              		.syntax unified
  42              		.thumb
  43              		.thumb_func
  45              	test_IO:
  46              	.LFB68:
  47              		.file 1 "./Core/Src/main.c"
   1:./Core/Src/main.c **** /* USER CODE BEGIN Header */
   2:./Core/Src/main.c **** /**
   3:./Core/Src/main.c ****   ******************************************************************************
   4:./Core/Src/main.c ****   * @file           : main.c
   5:./Core/Src/main.c ****   * @brief          : Main program body
ARM GAS  C:\Users\ULTIMA~1\AppData\Local\Temp\ccdfERFl.s 			page 2


   6:./Core/Src/main.c ****   ******************************************************************************
   7:./Core/Src/main.c ****   * @attention
   8:./Core/Src/main.c ****   *
   9:./Core/Src/main.c ****   * <h2><center>&copy; Copyright (c) 2022 STMicroelectronics.
  10:./Core/Src/main.c ****   * All rights reserved.</center></h2>
  11:./Core/Src/main.c ****   *
  12:./Core/Src/main.c ****   * This software component is licensed by ST under BSD 3-Clause license,
  13:./Core/Src/main.c ****   * the "License"; You may not use this file except in compliance with the
  14:./Core/Src/main.c ****   * License. You may obtain a copy of the License at:
  15:./Core/Src/main.c ****   *                        opensource.org/licenses/BSD-3-Clause
  16:./Core/Src/main.c ****   *
  17:./Core/Src/main.c ****   ******************************************************************************
  18:./Core/Src/main.c ****   */
  19:./Core/Src/main.c **** /* USER CODE END Header */
  20:./Core/Src/main.c **** /* Includes ------------------------------------------------------------------*/
  21:./Core/Src/main.c **** #include "main.h"
  22:./Core/Src/main.c **** 
  23:./Core/Src/main.c **** /* Private includes ----------------------------------------------------------*/
  24:./Core/Src/main.c **** /* USER CODE BEGIN Includes */
  25:./Core/Src/main.c **** #include "fsm_auto.h"
  26:./Core/Src/main.c **** #include "fsm_manual.h"
  27:./Core/Src/main.c **** #include "fsm_tuning.h"
  28:./Core/Src/main.c **** #include "fsm_pedestrian.h"
  29:./Core/Src/main.c **** 
  30:./Core/Src/main.c **** /* USER CODE END Includes */
  31:./Core/Src/main.c **** 
  32:./Core/Src/main.c **** /* Private typedef -----------------------------------------------------------*/
  33:./Core/Src/main.c **** /* USER CODE BEGIN PTD */
  34:./Core/Src/main.c **** 
  35:./Core/Src/main.c **** /* USER CODE END PTD */
  36:./Core/Src/main.c **** 
  37:./Core/Src/main.c **** /* Private define ------------------------------------------------------------*/
  38:./Core/Src/main.c **** /* USER CODE BEGIN PD */
  39:./Core/Src/main.c **** /* USER CODE END PD */
  40:./Core/Src/main.c **** 
  41:./Core/Src/main.c **** /* Private macro -------------------------------------------------------------*/
  42:./Core/Src/main.c **** /* USER CODE BEGIN PM */
  43:./Core/Src/main.c **** 
  44:./Core/Src/main.c **** /* USER CODE END PM */
  45:./Core/Src/main.c **** 
  46:./Core/Src/main.c **** /* Private variables ---------------------------------------------------------*/
  47:./Core/Src/main.c **** TIM_HandleTypeDef htim2;
  48:./Core/Src/main.c **** TIM_HandleTypeDef htim3;
  49:./Core/Src/main.c **** 
  50:./Core/Src/main.c **** UART_HandleTypeDef huart2;
  51:./Core/Src/main.c **** 
  52:./Core/Src/main.c **** /* USER CODE BEGIN PV */
  53:./Core/Src/main.c **** 
  54:./Core/Src/main.c **** /* USER CODE END PV */
  55:./Core/Src/main.c **** 
  56:./Core/Src/main.c **** /* Private function prototypes -----------------------------------------------*/
  57:./Core/Src/main.c **** void SystemClock_Config(void);
  58:./Core/Src/main.c **** static void MX_GPIO_Init(void);
  59:./Core/Src/main.c **** static void MX_TIM2_Init(void);
  60:./Core/Src/main.c **** static void MX_USART2_UART_Init(void);
  61:./Core/Src/main.c **** static void MX_TIM3_Init(void);
  62:./Core/Src/main.c **** /* USER CODE BEGIN PFP */
ARM GAS  C:\Users\ULTIMA~1\AppData\Local\Temp\ccdfERFl.s 			page 3


  63:./Core/Src/main.c **** 
  64:./Core/Src/main.c **** void test_IO(){
  48              		.loc 1 64 15
  49              		.cfi_startproc
  50              		@ args = 0, pretend = 0, frame = 0
  51              		@ frame_needed = 1, uses_anonymous_args = 0
  52 0000 80B5     		push	{r7, lr}
  53              		.cfi_def_cfa_offset 8
  54              		.cfi_offset 7, -8
  55              		.cfi_offset 14, -4
  56 0002 00AF     		add	r7, sp, #0
  57              		.cfi_def_cfa_register 7
  65:./Core/Src/main.c **** 	HAL_GPIO_WritePin(TrafficLight1_0_GPIO_Port, TrafficLight1_0_Pin, HAL_GPIO_ReadPin(Button1_GPIO_Po
  58              		.loc 1 65 2
  59 0004 0221     		movs	r1, #2
  60 0006 1648     		ldr	r0, .L2
  61 0008 FFF7FEFF 		bl	HAL_GPIO_ReadPin
  62 000c 0346     		mov	r3, r0
  63 000e 1A46     		mov	r2, r3
  64 0010 4FF48061 		mov	r1, #1024
  65 0014 1248     		ldr	r0, .L2
  66 0016 FFF7FEFF 		bl	HAL_GPIO_WritePin
  66:./Core/Src/main.c **** 	HAL_GPIO_WritePin(TrafficLight2_0_GPIO_Port, TrafficLight2_0_Pin, HAL_GPIO_ReadPin(Button2_GPIO_Po
  67              		.loc 1 66 2
  68 001a 1021     		movs	r1, #16
  69 001c 1048     		ldr	r0, .L2
  70 001e FFF7FEFF 		bl	HAL_GPIO_ReadPin
  71 0022 0346     		mov	r3, r0
  72 0024 1A46     		mov	r2, r3
  73 0026 2021     		movs	r1, #32
  74 0028 0E48     		ldr	r0, .L2+4
  75 002a FFF7FEFF 		bl	HAL_GPIO_WritePin
  67:./Core/Src/main.c **** 	HAL_GPIO_WritePin(PedestrianLight_0_GPIO_Port, PedestrianLight_0_Pin, HAL_GPIO_ReadPin(Button3_GPI
  76              		.loc 1 67 2
  77 002e 0121     		movs	r1, #1
  78 0030 0C48     		ldr	r0, .L2+4
  79 0032 FFF7FEFF 		bl	HAL_GPIO_ReadPin
  80 0036 0346     		mov	r3, r0
  81 0038 1A46     		mov	r2, r3
  82 003a 4FF48061 		mov	r1, #1024
  83 003e 0948     		ldr	r0, .L2+4
  84 0040 FFF7FEFF 		bl	HAL_GPIO_WritePin
  68:./Core/Src/main.c **** 	HAL_GPIO_WritePin(Buzzer_GPIO_Port, Buzzer_Pin, HAL_GPIO_ReadPin(PedestrianLight_0_GPIO_Port, Pede
  85              		.loc 1 68 2
  86 0044 4FF48061 		mov	r1, #1024
  87 0048 0648     		ldr	r0, .L2+4
  88 004a FFF7FEFF 		bl	HAL_GPIO_ReadPin
  89 004e 0346     		mov	r3, r0
  90 0050 1A46     		mov	r2, r3
  91 0052 4021     		movs	r1, #64
  92 0054 0248     		ldr	r0, .L2
  93 0056 FFF7FEFF 		bl	HAL_GPIO_WritePin
  69:./Core/Src/main.c **** }
  94              		.loc 1 69 1
  95 005a 00BF     		nop
  96 005c 80BD     		pop	{r7, pc}
  97              	.L3:
ARM GAS  C:\Users\ULTIMA~1\AppData\Local\Temp\ccdfERFl.s 			page 4


  98 005e 00BF     		.align	2
  99              	.L2:
 100 0060 00080140 		.word	1073809408
 101 0064 000C0140 		.word	1073810432
 102              		.cfi_endproc
 103              	.LFE68:
 105              		.section	.text.main,"ax",%progbits
 106              		.align	1
 107              		.global	main
 108              		.syntax unified
 109              		.thumb
 110              		.thumb_func
 112              	main:
 113              	.LFB69:
  70:./Core/Src/main.c **** 
  71:./Core/Src/main.c **** /* USER CODE END PFP */
  72:./Core/Src/main.c **** 
  73:./Core/Src/main.c **** /* Private user code ---------------------------------------------------------*/
  74:./Core/Src/main.c **** /* USER CODE BEGIN 0 */
  75:./Core/Src/main.c **** 
  76:./Core/Src/main.c **** /* USER CODE END 0 */
  77:./Core/Src/main.c **** 
  78:./Core/Src/main.c **** /**
  79:./Core/Src/main.c ****   * @brief  The application entry point.
  80:./Core/Src/main.c ****   * @retval int
  81:./Core/Src/main.c ****   */
  82:./Core/Src/main.c **** int main(void)
  83:./Core/Src/main.c **** {
 114              		.loc 1 83 1
 115              		.cfi_startproc
 116              		@ args = 0, pretend = 0, frame = 0
 117              		@ frame_needed = 1, uses_anonymous_args = 0
 118 0000 80B5     		push	{r7, lr}
 119              		.cfi_def_cfa_offset 8
 120              		.cfi_offset 7, -8
 121              		.cfi_offset 14, -4
 122 0002 00AF     		add	r7, sp, #0
 123              		.cfi_def_cfa_register 7
  84:./Core/Src/main.c ****   /* USER CODE BEGIN 1 */
  85:./Core/Src/main.c **** 
  86:./Core/Src/main.c ****   /* USER CODE END 1 */
  87:./Core/Src/main.c **** 
  88:./Core/Src/main.c ****   /* MCU Configuration--------------------------------------------------------*/
  89:./Core/Src/main.c **** 
  90:./Core/Src/main.c ****   /* Reset of all peripherals, Initializes the Flash interface and the Systick. */
  91:./Core/Src/main.c ****   HAL_Init();
 124              		.loc 1 91 3
 125 0004 FFF7FEFF 		bl	HAL_Init
  92:./Core/Src/main.c **** 
  93:./Core/Src/main.c ****   /* USER CODE BEGIN Init */
  94:./Core/Src/main.c **** 
  95:./Core/Src/main.c ****   /* USER CODE END Init */
  96:./Core/Src/main.c **** 
  97:./Core/Src/main.c ****   /* Configure the system clock */
  98:./Core/Src/main.c ****   SystemClock_Config();
 126              		.loc 1 98 3
 127 0008 FFF7FEFF 		bl	SystemClock_Config
ARM GAS  C:\Users\ULTIMA~1\AppData\Local\Temp\ccdfERFl.s 			page 5


  99:./Core/Src/main.c **** 
 100:./Core/Src/main.c ****   /* USER CODE BEGIN SysInit */
 101:./Core/Src/main.c **** 
 102:./Core/Src/main.c ****   /* USER CODE END SysInit */
 103:./Core/Src/main.c **** 
 104:./Core/Src/main.c ****   /* Initialize all configured peripherals */
 105:./Core/Src/main.c ****   MX_GPIO_Init();
 128              		.loc 1 105 3
 129 000c FFF7FEFF 		bl	MX_GPIO_Init
 106:./Core/Src/main.c ****   MX_TIM2_Init();
 130              		.loc 1 106 3
 131 0010 FFF7FEFF 		bl	MX_TIM2_Init
 107:./Core/Src/main.c ****   MX_USART2_UART_Init();
 132              		.loc 1 107 3
 133 0014 FFF7FEFF 		bl	MX_USART2_UART_Init
 108:./Core/Src/main.c ****   MX_TIM3_Init();
 134              		.loc 1 108 3
 135 0018 FFF7FEFF 		bl	MX_TIM3_Init
 109:./Core/Src/main.c ****   /* USER CODE BEGIN 2 */
 110:./Core/Src/main.c ****   HAL_TIM_Base_Start_IT(&htim2);
 136              		.loc 1 110 3
 137 001c 0A48     		ldr	r0, .L6
 138 001e FFF7FEFF 		bl	HAL_TIM_Base_Start_IT
 111:./Core/Src/main.c ****   HAL_TIM_PWM_Start(&htim3, TIM_CHANNEL_1);
 139              		.loc 1 111 3
 140 0022 0021     		movs	r1, #0
 141 0024 0948     		ldr	r0, .L6+4
 142 0026 FFF7FEFF 		bl	HAL_TIM_PWM_Start
 112:./Core/Src/main.c ****   /* USER CODE END 2 */
 113:./Core/Src/main.c **** 
 114:./Core/Src/main.c ****   /* Infinite loop */
 115:./Core/Src/main.c ****   /* USER CODE BEGIN WHILE */
 116:./Core/Src/main.c ****   status = INIT;
 143              		.loc 1 116 10
 144 002a 094B     		ldr	r3, .L6+8
 145 002c 0122     		movs	r2, #1
 146 002e 1A60     		str	r2, [r3]
 117:./Core/Src/main.c ****   pedestrianStatus = INIT;
 147              		.loc 1 117 20
 148 0030 084B     		ldr	r3, .L6+12
 149 0032 0122     		movs	r2, #1
 150 0034 1A60     		str	r2, [r3]
 151              	.L5:
 118:./Core/Src/main.c ****   while (1)
 119:./Core/Src/main.c ****   {
 120:./Core/Src/main.c **** 	  fsm_auto_run();
 152              		.loc 1 120 4 discriminator 1
 153 0036 FFF7FEFF 		bl	fsm_auto_run
 121:./Core/Src/main.c **** 	  fsm_manual_run();
 154              		.loc 1 121 4 discriminator 1
 155 003a FFF7FEFF 		bl	fsm_manual_run
 122:./Core/Src/main.c **** 	  fsm_tuning_run();
 156              		.loc 1 122 4 discriminator 1
 157 003e FFF7FEFF 		bl	fsm_tuning_run
 123:./Core/Src/main.c **** 	  fsm_pedestrian_run();
 158              		.loc 1 123 4 discriminator 1
 159 0042 FFF7FEFF 		bl	fsm_pedestrian_run
ARM GAS  C:\Users\ULTIMA~1\AppData\Local\Temp\ccdfERFl.s 			page 6


 120:./Core/Src/main.c **** 	  fsm_manual_run();
 160              		.loc 1 120 4 discriminator 1
 161 0046 F6E7     		b	.L5
 162              	.L7:
 163              		.align	2
 164              	.L6:
 165 0048 00000000 		.word	htim2
 166 004c 00000000 		.word	htim3
 167 0050 00000000 		.word	status
 168 0054 00000000 		.word	pedestrianStatus
 169              		.cfi_endproc
 170              	.LFE69:
 172              		.section	.text.SystemClock_Config,"ax",%progbits
 173              		.align	1
 174              		.global	SystemClock_Config
 175              		.syntax unified
 176              		.thumb
 177              		.thumb_func
 179              	SystemClock_Config:
 180              	.LFB70:
 124:./Core/Src/main.c ****     /* USER CODE END WHILE */
 125:./Core/Src/main.c **** 
 126:./Core/Src/main.c ****     /* USER CODE BEGIN 3 */
 127:./Core/Src/main.c ****   }
 128:./Core/Src/main.c ****   /* USER CODE END 3 */
 129:./Core/Src/main.c **** }
 130:./Core/Src/main.c **** 
 131:./Core/Src/main.c **** /**
 132:./Core/Src/main.c ****   * @brief System Clock Configuration
 133:./Core/Src/main.c ****   * @retval None
 134:./Core/Src/main.c ****   */
 135:./Core/Src/main.c **** void SystemClock_Config(void)
 136:./Core/Src/main.c **** {
 181              		.loc 1 136 1
 182              		.cfi_startproc
 183              		@ args = 0, pretend = 0, frame = 64
 184              		@ frame_needed = 1, uses_anonymous_args = 0
 185 0000 80B5     		push	{r7, lr}
 186              		.cfi_def_cfa_offset 8
 187              		.cfi_offset 7, -8
 188              		.cfi_offset 14, -4
 189 0002 90B0     		sub	sp, sp, #64
 190              		.cfi_def_cfa_offset 72
 191 0004 00AF     		add	r7, sp, #0
 192              		.cfi_def_cfa_register 7
 137:./Core/Src/main.c ****   RCC_OscInitTypeDef RCC_OscInitStruct = {0};
 193              		.loc 1 137 22
 194 0006 07F11803 		add	r3, r7, #24
 195 000a 2822     		movs	r2, #40
 196 000c 0021     		movs	r1, #0
 197 000e 1846     		mov	r0, r3
 198 0010 FFF7FEFF 		bl	memset
 138:./Core/Src/main.c ****   RCC_ClkInitTypeDef RCC_ClkInitStruct = {0};
 199              		.loc 1 138 22
 200 0014 3B1D     		adds	r3, r7, #4
 201 0016 0022     		movs	r2, #0
 202 0018 1A60     		str	r2, [r3]
ARM GAS  C:\Users\ULTIMA~1\AppData\Local\Temp\ccdfERFl.s 			page 7


 203 001a 5A60     		str	r2, [r3, #4]
 204 001c 9A60     		str	r2, [r3, #8]
 205 001e DA60     		str	r2, [r3, #12]
 206 0020 1A61     		str	r2, [r3, #16]
 139:./Core/Src/main.c **** 
 140:./Core/Src/main.c ****   /** Initializes the RCC Oscillators according to the specified parameters
 141:./Core/Src/main.c ****   * in the RCC_OscInitTypeDef structure.
 142:./Core/Src/main.c ****   */
 143:./Core/Src/main.c ****   RCC_OscInitStruct.OscillatorType = RCC_OSCILLATORTYPE_HSI;
 207              		.loc 1 143 36
 208 0022 0223     		movs	r3, #2
 209 0024 BB61     		str	r3, [r7, #24]
 144:./Core/Src/main.c ****   RCC_OscInitStruct.HSIState = RCC_HSI_ON;
 210              		.loc 1 144 30
 211 0026 0123     		movs	r3, #1
 212 0028 BB62     		str	r3, [r7, #40]
 145:./Core/Src/main.c ****   RCC_OscInitStruct.HSICalibrationValue = RCC_HSICALIBRATION_DEFAULT;
 213              		.loc 1 145 41
 214 002a 1023     		movs	r3, #16
 215 002c FB62     		str	r3, [r7, #44]
 146:./Core/Src/main.c ****   RCC_OscInitStruct.PLL.PLLState = RCC_PLL_ON;
 216              		.loc 1 146 34
 217 002e 0223     		movs	r3, #2
 218 0030 7B63     		str	r3, [r7, #52]
 147:./Core/Src/main.c ****   RCC_OscInitStruct.PLL.PLLSource = RCC_PLLSOURCE_HSI_DIV2;
 219              		.loc 1 147 35
 220 0032 0023     		movs	r3, #0
 221 0034 BB63     		str	r3, [r7, #56]
 148:./Core/Src/main.c ****   RCC_OscInitStruct.PLL.PLLMUL = RCC_PLL_MUL16;
 222              		.loc 1 148 32
 223 0036 4FF46013 		mov	r3, #3670016
 224 003a FB63     		str	r3, [r7, #60]
 149:./Core/Src/main.c ****   if (HAL_RCC_OscConfig(&RCC_OscInitStruct) != HAL_OK)
 225              		.loc 1 149 7
 226 003c 07F11803 		add	r3, r7, #24
 227 0040 1846     		mov	r0, r3
 228 0042 FFF7FEFF 		bl	HAL_RCC_OscConfig
 229 0046 0346     		mov	r3, r0
 230              		.loc 1 149 6
 231 0048 002B     		cmp	r3, #0
 232 004a 01D0     		beq	.L9
 150:./Core/Src/main.c ****   {
 151:./Core/Src/main.c ****     Error_Handler();
 233              		.loc 1 151 5
 234 004c FFF7FEFF 		bl	Error_Handler
 235              	.L9:
 152:./Core/Src/main.c ****   }
 153:./Core/Src/main.c ****   /** Initializes the CPU, AHB and APB buses clocks
 154:./Core/Src/main.c ****   */
 155:./Core/Src/main.c ****   RCC_ClkInitStruct.ClockType = RCC_CLOCKTYPE_HCLK|RCC_CLOCKTYPE_SYSCLK
 236              		.loc 1 155 31
 237 0050 0F23     		movs	r3, #15
 238 0052 7B60     		str	r3, [r7, #4]
 156:./Core/Src/main.c ****                               |RCC_CLOCKTYPE_PCLK1|RCC_CLOCKTYPE_PCLK2;
 157:./Core/Src/main.c ****   RCC_ClkInitStruct.SYSCLKSource = RCC_SYSCLKSOURCE_PLLCLK;
 239              		.loc 1 157 34
 240 0054 0223     		movs	r3, #2
ARM GAS  C:\Users\ULTIMA~1\AppData\Local\Temp\ccdfERFl.s 			page 8


 241 0056 BB60     		str	r3, [r7, #8]
 158:./Core/Src/main.c ****   RCC_ClkInitStruct.AHBCLKDivider = RCC_SYSCLK_DIV1;
 242              		.loc 1 158 35
 243 0058 0023     		movs	r3, #0
 244 005a FB60     		str	r3, [r7, #12]
 159:./Core/Src/main.c ****   RCC_ClkInitStruct.APB1CLKDivider = RCC_HCLK_DIV2;
 245              		.loc 1 159 36
 246 005c 4FF48063 		mov	r3, #1024
 247 0060 3B61     		str	r3, [r7, #16]
 160:./Core/Src/main.c ****   RCC_ClkInitStruct.APB2CLKDivider = RCC_HCLK_DIV1;
 248              		.loc 1 160 36
 249 0062 0023     		movs	r3, #0
 250 0064 7B61     		str	r3, [r7, #20]
 161:./Core/Src/main.c **** 
 162:./Core/Src/main.c ****   if (HAL_RCC_ClockConfig(&RCC_ClkInitStruct, FLASH_LATENCY_2) != HAL_OK)
 251              		.loc 1 162 7
 252 0066 3B1D     		adds	r3, r7, #4
 253 0068 0221     		movs	r1, #2
 254 006a 1846     		mov	r0, r3
 255 006c FFF7FEFF 		bl	HAL_RCC_ClockConfig
 256 0070 0346     		mov	r3, r0
 257              		.loc 1 162 6
 258 0072 002B     		cmp	r3, #0
 259 0074 01D0     		beq	.L11
 163:./Core/Src/main.c ****   {
 164:./Core/Src/main.c ****     Error_Handler();
 260              		.loc 1 164 5
 261 0076 FFF7FEFF 		bl	Error_Handler
 262              	.L11:
 165:./Core/Src/main.c ****   }
 166:./Core/Src/main.c **** }
 263              		.loc 1 166 1
 264 007a 00BF     		nop
 265 007c 4037     		adds	r7, r7, #64
 266              		.cfi_def_cfa_offset 8
 267 007e BD46     		mov	sp, r7
 268              		.cfi_def_cfa_register 13
 269              		@ sp needed
 270 0080 80BD     		pop	{r7, pc}
 271              		.cfi_endproc
 272              	.LFE70:
 274              		.section	.text.MX_TIM2_Init,"ax",%progbits
 275              		.align	1
 276              		.syntax unified
 277              		.thumb
 278              		.thumb_func
 280              	MX_TIM2_Init:
 281              	.LFB71:
 167:./Core/Src/main.c **** 
 168:./Core/Src/main.c **** /**
 169:./Core/Src/main.c ****   * @brief TIM2 Initialization Function
 170:./Core/Src/main.c ****   * @param None
 171:./Core/Src/main.c ****   * @retval None
 172:./Core/Src/main.c ****   */
 173:./Core/Src/main.c **** static void MX_TIM2_Init(void)
 174:./Core/Src/main.c **** {
 282              		.loc 1 174 1
ARM GAS  C:\Users\ULTIMA~1\AppData\Local\Temp\ccdfERFl.s 			page 9


 283              		.cfi_startproc
 284              		@ args = 0, pretend = 0, frame = 24
 285              		@ frame_needed = 1, uses_anonymous_args = 0
 286 0000 80B5     		push	{r7, lr}
 287              		.cfi_def_cfa_offset 8
 288              		.cfi_offset 7, -8
 289              		.cfi_offset 14, -4
 290 0002 86B0     		sub	sp, sp, #24
 291              		.cfi_def_cfa_offset 32
 292 0004 00AF     		add	r7, sp, #0
 293              		.cfi_def_cfa_register 7
 175:./Core/Src/main.c **** 
 176:./Core/Src/main.c ****   /* USER CODE BEGIN TIM2_Init 0 */
 177:./Core/Src/main.c **** 
 178:./Core/Src/main.c ****   /* USER CODE END TIM2_Init 0 */
 179:./Core/Src/main.c **** 
 180:./Core/Src/main.c ****   TIM_ClockConfigTypeDef sClockSourceConfig = {0};
 294              		.loc 1 180 26
 295 0006 07F10803 		add	r3, r7, #8
 296 000a 0022     		movs	r2, #0
 297 000c 1A60     		str	r2, [r3]
 298 000e 5A60     		str	r2, [r3, #4]
 299 0010 9A60     		str	r2, [r3, #8]
 300 0012 DA60     		str	r2, [r3, #12]
 181:./Core/Src/main.c ****   TIM_MasterConfigTypeDef sMasterConfig = {0};
 301              		.loc 1 181 27
 302 0014 3B46     		mov	r3, r7
 303 0016 0022     		movs	r2, #0
 304 0018 1A60     		str	r2, [r3]
 305 001a 5A60     		str	r2, [r3, #4]
 182:./Core/Src/main.c **** 
 183:./Core/Src/main.c ****   /* USER CODE BEGIN TIM2_Init 1 */
 184:./Core/Src/main.c **** 
 185:./Core/Src/main.c ****   /* USER CODE END TIM2_Init 1 */
 186:./Core/Src/main.c ****   htim2.Instance = TIM2;
 306              		.loc 1 186 18
 307 001c 1D4B     		ldr	r3, .L17
 308 001e 4FF08042 		mov	r2, #1073741824
 309 0022 1A60     		str	r2, [r3]
 187:./Core/Src/main.c ****   htim2.Init.Prescaler = 9999;
 310              		.loc 1 187 24
 311 0024 1B4B     		ldr	r3, .L17
 312 0026 42F20F72 		movw	r2, #9999
 313 002a 5A60     		str	r2, [r3, #4]
 188:./Core/Src/main.c ****   htim2.Init.CounterMode = TIM_COUNTERMODE_UP;
 314              		.loc 1 188 26
 315 002c 194B     		ldr	r3, .L17
 316 002e 0022     		movs	r2, #0
 317 0030 9A60     		str	r2, [r3, #8]
 189:./Core/Src/main.c ****   htim2.Init.Period = 63;
 318              		.loc 1 189 21
 319 0032 184B     		ldr	r3, .L17
 320 0034 3F22     		movs	r2, #63
 321 0036 DA60     		str	r2, [r3, #12]
 190:./Core/Src/main.c ****   htim2.Init.ClockDivision = TIM_CLOCKDIVISION_DIV1;
 322              		.loc 1 190 28
 323 0038 164B     		ldr	r3, .L17
ARM GAS  C:\Users\ULTIMA~1\AppData\Local\Temp\ccdfERFl.s 			page 10


 324 003a 0022     		movs	r2, #0
 325 003c 1A61     		str	r2, [r3, #16]
 191:./Core/Src/main.c ****   htim2.Init.AutoReloadPreload = TIM_AUTORELOAD_PRELOAD_DISABLE;
 326              		.loc 1 191 32
 327 003e 154B     		ldr	r3, .L17
 328 0040 0022     		movs	r2, #0
 329 0042 9A61     		str	r2, [r3, #24]
 192:./Core/Src/main.c ****   if (HAL_TIM_Base_Init(&htim2) != HAL_OK)
 330              		.loc 1 192 7
 331 0044 1348     		ldr	r0, .L17
 332 0046 FFF7FEFF 		bl	HAL_TIM_Base_Init
 333 004a 0346     		mov	r3, r0
 334              		.loc 1 192 6
 335 004c 002B     		cmp	r3, #0
 336 004e 01D0     		beq	.L13
 193:./Core/Src/main.c ****   {
 194:./Core/Src/main.c ****     Error_Handler();
 337              		.loc 1 194 5
 338 0050 FFF7FEFF 		bl	Error_Handler
 339              	.L13:
 195:./Core/Src/main.c ****   }
 196:./Core/Src/main.c ****   sClockSourceConfig.ClockSource = TIM_CLOCKSOURCE_INTERNAL;
 340              		.loc 1 196 34
 341 0054 4FF48053 		mov	r3, #4096
 342 0058 BB60     		str	r3, [r7, #8]
 197:./Core/Src/main.c ****   if (HAL_TIM_ConfigClockSource(&htim2, &sClockSourceConfig) != HAL_OK)
 343              		.loc 1 197 7
 344 005a 07F10803 		add	r3, r7, #8
 345 005e 1946     		mov	r1, r3
 346 0060 0C48     		ldr	r0, .L17
 347 0062 FFF7FEFF 		bl	HAL_TIM_ConfigClockSource
 348 0066 0346     		mov	r3, r0
 349              		.loc 1 197 6
 350 0068 002B     		cmp	r3, #0
 351 006a 01D0     		beq	.L14
 198:./Core/Src/main.c ****   {
 199:./Core/Src/main.c ****     Error_Handler();
 352              		.loc 1 199 5
 353 006c FFF7FEFF 		bl	Error_Handler
 354              	.L14:
 200:./Core/Src/main.c ****   }
 201:./Core/Src/main.c ****   sMasterConfig.MasterOutputTrigger = TIM_TRGO_RESET;
 355              		.loc 1 201 37
 356 0070 0023     		movs	r3, #0
 357 0072 3B60     		str	r3, [r7]
 202:./Core/Src/main.c ****   sMasterConfig.MasterSlaveMode = TIM_MASTERSLAVEMODE_DISABLE;
 358              		.loc 1 202 33
 359 0074 0023     		movs	r3, #0
 360 0076 7B60     		str	r3, [r7, #4]
 203:./Core/Src/main.c ****   if (HAL_TIMEx_MasterConfigSynchronization(&htim2, &sMasterConfig) != HAL_OK)
 361              		.loc 1 203 7
 362 0078 3B46     		mov	r3, r7
 363 007a 1946     		mov	r1, r3
 364 007c 0548     		ldr	r0, .L17
 365 007e FFF7FEFF 		bl	HAL_TIMEx_MasterConfigSynchronization
 366 0082 0346     		mov	r3, r0
 367              		.loc 1 203 6
ARM GAS  C:\Users\ULTIMA~1\AppData\Local\Temp\ccdfERFl.s 			page 11


 368 0084 002B     		cmp	r3, #0
 369 0086 01D0     		beq	.L16
 204:./Core/Src/main.c ****   {
 205:./Core/Src/main.c ****     Error_Handler();
 370              		.loc 1 205 5
 371 0088 FFF7FEFF 		bl	Error_Handler
 372              	.L16:
 206:./Core/Src/main.c ****   }
 207:./Core/Src/main.c ****   /* USER CODE BEGIN TIM2_Init 2 */
 208:./Core/Src/main.c **** 
 209:./Core/Src/main.c ****   /* USER CODE END TIM2_Init 2 */
 210:./Core/Src/main.c **** 
 211:./Core/Src/main.c **** }
 373              		.loc 1 211 1
 374 008c 00BF     		nop
 375 008e 1837     		adds	r7, r7, #24
 376              		.cfi_def_cfa_offset 8
 377 0090 BD46     		mov	sp, r7
 378              		.cfi_def_cfa_register 13
 379              		@ sp needed
 380 0092 80BD     		pop	{r7, pc}
 381              	.L18:
 382              		.align	2
 383              	.L17:
 384 0094 00000000 		.word	htim2
 385              		.cfi_endproc
 386              	.LFE71:
 388              		.section	.text.MX_TIM3_Init,"ax",%progbits
 389              		.align	1
 390              		.syntax unified
 391              		.thumb
 392              		.thumb_func
 394              	MX_TIM3_Init:
 395              	.LFB72:
 212:./Core/Src/main.c **** 
 213:./Core/Src/main.c **** /**
 214:./Core/Src/main.c ****   * @brief TIM3 Initialization Function
 215:./Core/Src/main.c ****   * @param None
 216:./Core/Src/main.c ****   * @retval None
 217:./Core/Src/main.c ****   */
 218:./Core/Src/main.c **** static void MX_TIM3_Init(void)
 219:./Core/Src/main.c **** {
 396              		.loc 1 219 1
 397              		.cfi_startproc
 398              		@ args = 0, pretend = 0, frame = 56
 399              		@ frame_needed = 1, uses_anonymous_args = 0
 400 0000 80B5     		push	{r7, lr}
 401              		.cfi_def_cfa_offset 8
 402              		.cfi_offset 7, -8
 403              		.cfi_offset 14, -4
 404 0002 8EB0     		sub	sp, sp, #56
 405              		.cfi_def_cfa_offset 64
 406 0004 00AF     		add	r7, sp, #0
 407              		.cfi_def_cfa_register 7
 220:./Core/Src/main.c **** 
 221:./Core/Src/main.c ****   /* USER CODE BEGIN TIM3_Init 0 */
 222:./Core/Src/main.c **** 
ARM GAS  C:\Users\ULTIMA~1\AppData\Local\Temp\ccdfERFl.s 			page 12


 223:./Core/Src/main.c ****   /* USER CODE END TIM3_Init 0 */
 224:./Core/Src/main.c **** 
 225:./Core/Src/main.c ****   TIM_ClockConfigTypeDef sClockSourceConfig = {0};
 408              		.loc 1 225 26
 409 0006 07F12803 		add	r3, r7, #40
 410 000a 0022     		movs	r2, #0
 411 000c 1A60     		str	r2, [r3]
 412 000e 5A60     		str	r2, [r3, #4]
 413 0010 9A60     		str	r2, [r3, #8]
 414 0012 DA60     		str	r2, [r3, #12]
 226:./Core/Src/main.c ****   TIM_MasterConfigTypeDef sMasterConfig = {0};
 415              		.loc 1 226 27
 416 0014 07F12003 		add	r3, r7, #32
 417 0018 0022     		movs	r2, #0
 418 001a 1A60     		str	r2, [r3]
 419 001c 5A60     		str	r2, [r3, #4]
 227:./Core/Src/main.c ****   TIM_OC_InitTypeDef sConfigOC = {0};
 420              		.loc 1 227 22
 421 001e 3B1D     		adds	r3, r7, #4
 422 0020 0022     		movs	r2, #0
 423 0022 1A60     		str	r2, [r3]
 424 0024 5A60     		str	r2, [r3, #4]
 425 0026 9A60     		str	r2, [r3, #8]
 426 0028 DA60     		str	r2, [r3, #12]
 427 002a 1A61     		str	r2, [r3, #16]
 428 002c 5A61     		str	r2, [r3, #20]
 429 002e 9A61     		str	r2, [r3, #24]
 228:./Core/Src/main.c **** 
 229:./Core/Src/main.c ****   /* USER CODE BEGIN TIM3_Init 1 */
 230:./Core/Src/main.c **** 
 231:./Core/Src/main.c ****   /* USER CODE END TIM3_Init 1 */
 232:./Core/Src/main.c ****   htim3.Instance = TIM3;
 430              		.loc 1 232 18
 431 0030 2C4B     		ldr	r3, .L25
 432 0032 2D4A     		ldr	r2, .L25+4
 433 0034 1A60     		str	r2, [r3]
 233:./Core/Src/main.c ****   htim3.Init.Prescaler = 999;
 434              		.loc 1 233 24
 435 0036 2B4B     		ldr	r3, .L25
 436 0038 40F2E732 		movw	r2, #999
 437 003c 5A60     		str	r2, [r3, #4]
 234:./Core/Src/main.c ****   htim3.Init.CounterMode = TIM_COUNTERMODE_UP;
 438              		.loc 1 234 26
 439 003e 294B     		ldr	r3, .L25
 440 0040 0022     		movs	r2, #0
 441 0042 9A60     		str	r2, [r3, #8]
 235:./Core/Src/main.c ****   htim3.Init.Period = 63;
 442              		.loc 1 235 21
 443 0044 274B     		ldr	r3, .L25
 444 0046 3F22     		movs	r2, #63
 445 0048 DA60     		str	r2, [r3, #12]
 236:./Core/Src/main.c ****   htim3.Init.ClockDivision = TIM_CLOCKDIVISION_DIV1;
 446              		.loc 1 236 28
 447 004a 264B     		ldr	r3, .L25
 448 004c 0022     		movs	r2, #0
 449 004e 1A61     		str	r2, [r3, #16]
 237:./Core/Src/main.c ****   htim3.Init.AutoReloadPreload = TIM_AUTORELOAD_PRELOAD_DISABLE;
ARM GAS  C:\Users\ULTIMA~1\AppData\Local\Temp\ccdfERFl.s 			page 13


 450              		.loc 1 237 32
 451 0050 244B     		ldr	r3, .L25
 452 0052 0022     		movs	r2, #0
 453 0054 9A61     		str	r2, [r3, #24]
 238:./Core/Src/main.c ****   if (HAL_TIM_Base_Init(&htim3) != HAL_OK)
 454              		.loc 1 238 7
 455 0056 2348     		ldr	r0, .L25
 456 0058 FFF7FEFF 		bl	HAL_TIM_Base_Init
 457 005c 0346     		mov	r3, r0
 458              		.loc 1 238 6
 459 005e 002B     		cmp	r3, #0
 460 0060 01D0     		beq	.L20
 239:./Core/Src/main.c ****   {
 240:./Core/Src/main.c ****     Error_Handler();
 461              		.loc 1 240 5
 462 0062 FFF7FEFF 		bl	Error_Handler
 463              	.L20:
 241:./Core/Src/main.c ****   }
 242:./Core/Src/main.c ****   sClockSourceConfig.ClockSource = TIM_CLOCKSOURCE_INTERNAL;
 464              		.loc 1 242 34
 465 0066 4FF48053 		mov	r3, #4096
 466 006a BB62     		str	r3, [r7, #40]
 243:./Core/Src/main.c ****   if (HAL_TIM_ConfigClockSource(&htim3, &sClockSourceConfig) != HAL_OK)
 467              		.loc 1 243 7
 468 006c 07F12803 		add	r3, r7, #40
 469 0070 1946     		mov	r1, r3
 470 0072 1C48     		ldr	r0, .L25
 471 0074 FFF7FEFF 		bl	HAL_TIM_ConfigClockSource
 472 0078 0346     		mov	r3, r0
 473              		.loc 1 243 6
 474 007a 002B     		cmp	r3, #0
 475 007c 01D0     		beq	.L21
 244:./Core/Src/main.c ****   {
 245:./Core/Src/main.c ****     Error_Handler();
 476              		.loc 1 245 5
 477 007e FFF7FEFF 		bl	Error_Handler
 478              	.L21:
 246:./Core/Src/main.c ****   }
 247:./Core/Src/main.c ****   if (HAL_TIM_PWM_Init(&htim3) != HAL_OK)
 479              		.loc 1 247 7
 480 0082 1848     		ldr	r0, .L25
 481 0084 FFF7FEFF 		bl	HAL_TIM_PWM_Init
 482 0088 0346     		mov	r3, r0
 483              		.loc 1 247 6
 484 008a 002B     		cmp	r3, #0
 485 008c 01D0     		beq	.L22
 248:./Core/Src/main.c ****   {
 249:./Core/Src/main.c ****     Error_Handler();
 486              		.loc 1 249 5
 487 008e FFF7FEFF 		bl	Error_Handler
 488              	.L22:
 250:./Core/Src/main.c ****   }
 251:./Core/Src/main.c ****   sMasterConfig.MasterOutputTrigger = TIM_TRGO_RESET;
 489              		.loc 1 251 37
 490 0092 0023     		movs	r3, #0
 491 0094 3B62     		str	r3, [r7, #32]
 252:./Core/Src/main.c ****   sMasterConfig.MasterSlaveMode = TIM_MASTERSLAVEMODE_DISABLE;
ARM GAS  C:\Users\ULTIMA~1\AppData\Local\Temp\ccdfERFl.s 			page 14


 492              		.loc 1 252 33
 493 0096 0023     		movs	r3, #0
 494 0098 7B62     		str	r3, [r7, #36]
 253:./Core/Src/main.c ****   if (HAL_TIMEx_MasterConfigSynchronization(&htim3, &sMasterConfig) != HAL_OK)
 495              		.loc 1 253 7
 496 009a 07F12003 		add	r3, r7, #32
 497 009e 1946     		mov	r1, r3
 498 00a0 1048     		ldr	r0, .L25
 499 00a2 FFF7FEFF 		bl	HAL_TIMEx_MasterConfigSynchronization
 500 00a6 0346     		mov	r3, r0
 501              		.loc 1 253 6
 502 00a8 002B     		cmp	r3, #0
 503 00aa 01D0     		beq	.L23
 254:./Core/Src/main.c ****   {
 255:./Core/Src/main.c ****     Error_Handler();
 504              		.loc 1 255 5
 505 00ac FFF7FEFF 		bl	Error_Handler
 506              	.L23:
 256:./Core/Src/main.c ****   }
 257:./Core/Src/main.c ****   sConfigOC.OCMode = TIM_OCMODE_PWM1;
 507              		.loc 1 257 20
 508 00b0 6023     		movs	r3, #96
 509 00b2 7B60     		str	r3, [r7, #4]
 258:./Core/Src/main.c ****   sConfigOC.Pulse = 0;
 510              		.loc 1 258 19
 511 00b4 0023     		movs	r3, #0
 512 00b6 BB60     		str	r3, [r7, #8]
 259:./Core/Src/main.c ****   sConfigOC.OCPolarity = TIM_OCPOLARITY_HIGH;
 513              		.loc 1 259 24
 514 00b8 0023     		movs	r3, #0
 515 00ba FB60     		str	r3, [r7, #12]
 260:./Core/Src/main.c ****   sConfigOC.OCFastMode = TIM_OCFAST_DISABLE;
 516              		.loc 1 260 24
 517 00bc 0023     		movs	r3, #0
 518 00be 7B61     		str	r3, [r7, #20]
 261:./Core/Src/main.c ****   if (HAL_TIM_PWM_ConfigChannel(&htim3, &sConfigOC, TIM_CHANNEL_1) != HAL_OK)
 519              		.loc 1 261 7
 520 00c0 3B1D     		adds	r3, r7, #4
 521 00c2 0022     		movs	r2, #0
 522 00c4 1946     		mov	r1, r3
 523 00c6 0748     		ldr	r0, .L25
 524 00c8 FFF7FEFF 		bl	HAL_TIM_PWM_ConfigChannel
 525 00cc 0346     		mov	r3, r0
 526              		.loc 1 261 6
 527 00ce 002B     		cmp	r3, #0
 528 00d0 01D0     		beq	.L24
 262:./Core/Src/main.c ****   {
 263:./Core/Src/main.c ****     Error_Handler();
 529              		.loc 1 263 5
 530 00d2 FFF7FEFF 		bl	Error_Handler
 531              	.L24:
 264:./Core/Src/main.c ****   }
 265:./Core/Src/main.c ****   /* USER CODE BEGIN TIM3_Init 2 */
 266:./Core/Src/main.c **** 
 267:./Core/Src/main.c ****   /* USER CODE END TIM3_Init 2 */
 268:./Core/Src/main.c ****   HAL_TIM_MspPostInit(&htim3);
 532              		.loc 1 268 3
ARM GAS  C:\Users\ULTIMA~1\AppData\Local\Temp\ccdfERFl.s 			page 15


 533 00d6 0348     		ldr	r0, .L25
 534 00d8 FFF7FEFF 		bl	HAL_TIM_MspPostInit
 269:./Core/Src/main.c **** 
 270:./Core/Src/main.c **** }
 535              		.loc 1 270 1
 536 00dc 00BF     		nop
 537 00de 3837     		adds	r7, r7, #56
 538              		.cfi_def_cfa_offset 8
 539 00e0 BD46     		mov	sp, r7
 540              		.cfi_def_cfa_register 13
 541              		@ sp needed
 542 00e2 80BD     		pop	{r7, pc}
 543              	.L26:
 544              		.align	2
 545              	.L25:
 546 00e4 00000000 		.word	htim3
 547 00e8 00040040 		.word	1073742848
 548              		.cfi_endproc
 549              	.LFE72:
 551              		.section	.text.MX_USART2_UART_Init,"ax",%progbits
 552              		.align	1
 553              		.syntax unified
 554              		.thumb
 555              		.thumb_func
 557              	MX_USART2_UART_Init:
 558              	.LFB73:
 271:./Core/Src/main.c **** 
 272:./Core/Src/main.c **** /**
 273:./Core/Src/main.c ****   * @brief USART2 Initialization Function
 274:./Core/Src/main.c ****   * @param None
 275:./Core/Src/main.c ****   * @retval None
 276:./Core/Src/main.c ****   */
 277:./Core/Src/main.c **** static void MX_USART2_UART_Init(void)
 278:./Core/Src/main.c **** {
 559              		.loc 1 278 1
 560              		.cfi_startproc
 561              		@ args = 0, pretend = 0, frame = 0
 562              		@ frame_needed = 1, uses_anonymous_args = 0
 563 0000 80B5     		push	{r7, lr}
 564              		.cfi_def_cfa_offset 8
 565              		.cfi_offset 7, -8
 566              		.cfi_offset 14, -4
 567 0002 00AF     		add	r7, sp, #0
 568              		.cfi_def_cfa_register 7
 279:./Core/Src/main.c **** 
 280:./Core/Src/main.c ****   /* USER CODE BEGIN USART2_Init 0 */
 281:./Core/Src/main.c **** 
 282:./Core/Src/main.c ****   /* USER CODE END USART2_Init 0 */
 283:./Core/Src/main.c **** 
 284:./Core/Src/main.c ****   /* USER CODE BEGIN USART2_Init 1 */
 285:./Core/Src/main.c **** 
 286:./Core/Src/main.c ****   /* USER CODE END USART2_Init 1 */
 287:./Core/Src/main.c ****   huart2.Instance = USART2;
 569              		.loc 1 287 19
 570 0004 114B     		ldr	r3, .L30
 571 0006 124A     		ldr	r2, .L30+4
 572 0008 1A60     		str	r2, [r3]
ARM GAS  C:\Users\ULTIMA~1\AppData\Local\Temp\ccdfERFl.s 			page 16


 288:./Core/Src/main.c ****   huart2.Init.BaudRate = 115200;
 573              		.loc 1 288 24
 574 000a 104B     		ldr	r3, .L30
 575 000c 4FF4E132 		mov	r2, #115200
 576 0010 5A60     		str	r2, [r3, #4]
 289:./Core/Src/main.c ****   huart2.Init.WordLength = UART_WORDLENGTH_8B;
 577              		.loc 1 289 26
 578 0012 0E4B     		ldr	r3, .L30
 579 0014 0022     		movs	r2, #0
 580 0016 9A60     		str	r2, [r3, #8]
 290:./Core/Src/main.c ****   huart2.Init.StopBits = UART_STOPBITS_1;
 581              		.loc 1 290 24
 582 0018 0C4B     		ldr	r3, .L30
 583 001a 0022     		movs	r2, #0
 584 001c DA60     		str	r2, [r3, #12]
 291:./Core/Src/main.c ****   huart2.Init.Parity = UART_PARITY_NONE;
 585              		.loc 1 291 22
 586 001e 0B4B     		ldr	r3, .L30
 587 0020 0022     		movs	r2, #0
 588 0022 1A61     		str	r2, [r3, #16]
 292:./Core/Src/main.c ****   huart2.Init.Mode = UART_MODE_TX_RX;
 589              		.loc 1 292 20
 590 0024 094B     		ldr	r3, .L30
 591 0026 0C22     		movs	r2, #12
 592 0028 5A61     		str	r2, [r3, #20]
 293:./Core/Src/main.c ****   huart2.Init.HwFlowCtl = UART_HWCONTROL_NONE;
 593              		.loc 1 293 25
 594 002a 084B     		ldr	r3, .L30
 595 002c 0022     		movs	r2, #0
 596 002e 9A61     		str	r2, [r3, #24]
 294:./Core/Src/main.c ****   huart2.Init.OverSampling = UART_OVERSAMPLING_16;
 597              		.loc 1 294 28
 598 0030 064B     		ldr	r3, .L30
 599 0032 0022     		movs	r2, #0
 600 0034 DA61     		str	r2, [r3, #28]
 295:./Core/Src/main.c ****   if (HAL_UART_Init(&huart2) != HAL_OK)
 601              		.loc 1 295 7
 602 0036 0548     		ldr	r0, .L30
 603 0038 FFF7FEFF 		bl	HAL_UART_Init
 604 003c 0346     		mov	r3, r0
 605              		.loc 1 295 6
 606 003e 002B     		cmp	r3, #0
 607 0040 01D0     		beq	.L29
 296:./Core/Src/main.c ****   {
 297:./Core/Src/main.c ****     Error_Handler();
 608              		.loc 1 297 5
 609 0042 FFF7FEFF 		bl	Error_Handler
 610              	.L29:
 298:./Core/Src/main.c ****   }
 299:./Core/Src/main.c ****   /* USER CODE BEGIN USART2_Init 2 */
 300:./Core/Src/main.c **** 
 301:./Core/Src/main.c ****   /* USER CODE END USART2_Init 2 */
 302:./Core/Src/main.c **** 
 303:./Core/Src/main.c **** }
 611              		.loc 1 303 1
 612 0046 00BF     		nop
 613 0048 80BD     		pop	{r7, pc}
ARM GAS  C:\Users\ULTIMA~1\AppData\Local\Temp\ccdfERFl.s 			page 17


 614              	.L31:
 615 004a 00BF     		.align	2
 616              	.L30:
 617 004c 00000000 		.word	huart2
 618 0050 00440040 		.word	1073759232
 619              		.cfi_endproc
 620              	.LFE73:
 622              		.section	.text.MX_GPIO_Init,"ax",%progbits
 623              		.align	1
 624              		.syntax unified
 625              		.thumb
 626              		.thumb_func
 628              	MX_GPIO_Init:
 629              	.LFB74:
 304:./Core/Src/main.c **** 
 305:./Core/Src/main.c **** /**
 306:./Core/Src/main.c ****   * @brief GPIO Initialization Function
 307:./Core/Src/main.c ****   * @param None
 308:./Core/Src/main.c ****   * @retval None
 309:./Core/Src/main.c ****   */
 310:./Core/Src/main.c **** static void MX_GPIO_Init(void)
 311:./Core/Src/main.c **** {
 630              		.loc 1 311 1
 631              		.cfi_startproc
 632              		@ args = 0, pretend = 0, frame = 24
 633              		@ frame_needed = 1, uses_anonymous_args = 0
 634 0000 80B5     		push	{r7, lr}
 635              		.cfi_def_cfa_offset 8
 636              		.cfi_offset 7, -8
 637              		.cfi_offset 14, -4
 638 0002 86B0     		sub	sp, sp, #24
 639              		.cfi_def_cfa_offset 32
 640 0004 00AF     		add	r7, sp, #0
 641              		.cfi_def_cfa_register 7
 312:./Core/Src/main.c ****   GPIO_InitTypeDef GPIO_InitStruct = {0};
 642              		.loc 1 312 20
 643 0006 07F10803 		add	r3, r7, #8
 644 000a 0022     		movs	r2, #0
 645 000c 1A60     		str	r2, [r3]
 646 000e 5A60     		str	r2, [r3, #4]
 647 0010 9A60     		str	r2, [r3, #8]
 648 0012 DA60     		str	r2, [r3, #12]
 649              	.LBB4:
 313:./Core/Src/main.c **** 
 314:./Core/Src/main.c ****   /* GPIO Ports Clock Enable */
 315:./Core/Src/main.c ****   __HAL_RCC_GPIOA_CLK_ENABLE();
 650              		.loc 1 315 3
 651 0014 2E4B     		ldr	r3, .L33
 652 0016 9B69     		ldr	r3, [r3, #24]
 653 0018 2D4A     		ldr	r2, .L33
 654 001a 43F00403 		orr	r3, r3, #4
 655 001e 9361     		str	r3, [r2, #24]
 656 0020 2B4B     		ldr	r3, .L33
 657 0022 9B69     		ldr	r3, [r3, #24]
 658 0024 03F00403 		and	r3, r3, #4
 659 0028 7B60     		str	r3, [r7, #4]
 660 002a 7B68     		ldr	r3, [r7, #4]
ARM GAS  C:\Users\ULTIMA~1\AppData\Local\Temp\ccdfERFl.s 			page 18


 661              	.LBE4:
 662              	.LBB5:
 316:./Core/Src/main.c ****   __HAL_RCC_GPIOB_CLK_ENABLE();
 663              		.loc 1 316 3
 664 002c 284B     		ldr	r3, .L33
 665 002e 9B69     		ldr	r3, [r3, #24]
 666 0030 274A     		ldr	r2, .L33
 667 0032 43F00803 		orr	r3, r3, #8
 668 0036 9361     		str	r3, [r2, #24]
 669 0038 254B     		ldr	r3, .L33
 670 003a 9B69     		ldr	r3, [r3, #24]
 671 003c 03F00803 		and	r3, r3, #8
 672 0040 3B60     		str	r3, [r7]
 673 0042 3B68     		ldr	r3, [r7]
 674              	.LBE5:
 317:./Core/Src/main.c **** 
 318:./Core/Src/main.c ****   /*Configure GPIO pin Output Level */
 319:./Core/Src/main.c ****   HAL_GPIO_WritePin(GPIOB, PedestrianLight_0_Pin|TrafficLight1_1_Pin|TrafficLight2_1_Pin|TrafficLig
 675              		.loc 1 319 3
 676 0044 0022     		movs	r2, #0
 677 0046 4FF48761 		mov	r1, #1080
 678 004a 2248     		ldr	r0, .L33+4
 679 004c FFF7FEFF 		bl	HAL_GPIO_WritePin
 320:./Core/Src/main.c **** 
 321:./Core/Src/main.c ****   /*Configure GPIO pin Output Level */
 322:./Core/Src/main.c ****   HAL_GPIO_WritePin(GPIOA, PedestrianLight_1_Pin|TrafficLight1_0_Pin, GPIO_PIN_RESET);
 680              		.loc 1 322 3
 681 0050 0022     		movs	r2, #0
 682 0052 4FF4A061 		mov	r1, #1280
 683 0056 2048     		ldr	r0, .L33+8
 684 0058 FFF7FEFF 		bl	HAL_GPIO_WritePin
 323:./Core/Src/main.c **** 
 324:./Core/Src/main.c ****   /*Configure GPIO pins : PedestrianButton_Pin Button1_Pin Button2_Pin */
 325:./Core/Src/main.c ****   GPIO_InitStruct.Pin = PedestrianButton_Pin|Button1_Pin|Button2_Pin;
 685              		.loc 1 325 23
 686 005c 1323     		movs	r3, #19
 687 005e BB60     		str	r3, [r7, #8]
 326:./Core/Src/main.c ****   GPIO_InitStruct.Mode = GPIO_MODE_INPUT;
 688              		.loc 1 326 24
 689 0060 0023     		movs	r3, #0
 690 0062 FB60     		str	r3, [r7, #12]
 327:./Core/Src/main.c ****   GPIO_InitStruct.Pull = GPIO_NOPULL;
 691              		.loc 1 327 24
 692 0064 0023     		movs	r3, #0
 693 0066 3B61     		str	r3, [r7, #16]
 328:./Core/Src/main.c ****   HAL_GPIO_Init(GPIOA, &GPIO_InitStruct);
 694              		.loc 1 328 3
 695 0068 07F10803 		add	r3, r7, #8
 696 006c 1946     		mov	r1, r3
 697 006e 1A48     		ldr	r0, .L33+8
 698 0070 FFF7FEFF 		bl	HAL_GPIO_Init
 329:./Core/Src/main.c **** 
 330:./Core/Src/main.c ****   /*Configure GPIO pin : Button3_Pin */
 331:./Core/Src/main.c ****   GPIO_InitStruct.Pin = Button3_Pin;
 699              		.loc 1 331 23
 700 0074 0123     		movs	r3, #1
 701 0076 BB60     		str	r3, [r7, #8]
ARM GAS  C:\Users\ULTIMA~1\AppData\Local\Temp\ccdfERFl.s 			page 19


 332:./Core/Src/main.c ****   GPIO_InitStruct.Mode = GPIO_MODE_INPUT;
 702              		.loc 1 332 24
 703 0078 0023     		movs	r3, #0
 704 007a FB60     		str	r3, [r7, #12]
 333:./Core/Src/main.c ****   GPIO_InitStruct.Pull = GPIO_NOPULL;
 705              		.loc 1 333 24
 706 007c 0023     		movs	r3, #0
 707 007e 3B61     		str	r3, [r7, #16]
 334:./Core/Src/main.c ****   HAL_GPIO_Init(Button3_GPIO_Port, &GPIO_InitStruct);
 708              		.loc 1 334 3
 709 0080 07F10803 		add	r3, r7, #8
 710 0084 1946     		mov	r1, r3
 711 0086 1348     		ldr	r0, .L33+4
 712 0088 FFF7FEFF 		bl	HAL_GPIO_Init
 335:./Core/Src/main.c **** 
 336:./Core/Src/main.c ****   /*Configure GPIO pins : PedestrianLight_0_Pin TrafficLight1_1_Pin TrafficLight2_1_Pin TrafficLigh
 337:./Core/Src/main.c ****   GPIO_InitStruct.Pin = PedestrianLight_0_Pin|TrafficLight1_1_Pin|TrafficLight2_1_Pin|TrafficLight2
 713              		.loc 1 337 23
 714 008c 4FF48763 		mov	r3, #1080
 715 0090 BB60     		str	r3, [r7, #8]
 338:./Core/Src/main.c ****   GPIO_InitStruct.Mode = GPIO_MODE_OUTPUT_PP;
 716              		.loc 1 338 24
 717 0092 0123     		movs	r3, #1
 718 0094 FB60     		str	r3, [r7, #12]
 339:./Core/Src/main.c ****   GPIO_InitStruct.Pull = GPIO_NOPULL;
 719              		.loc 1 339 24
 720 0096 0023     		movs	r3, #0
 721 0098 3B61     		str	r3, [r7, #16]
 340:./Core/Src/main.c ****   GPIO_InitStruct.Speed = GPIO_SPEED_FREQ_LOW;
 722              		.loc 1 340 25
 723 009a 0223     		movs	r3, #2
 724 009c 7B61     		str	r3, [r7, #20]
 341:./Core/Src/main.c ****   HAL_GPIO_Init(GPIOB, &GPIO_InitStruct);
 725              		.loc 1 341 3
 726 009e 07F10803 		add	r3, r7, #8
 727 00a2 1946     		mov	r1, r3
 728 00a4 0B48     		ldr	r0, .L33+4
 729 00a6 FFF7FEFF 		bl	HAL_GPIO_Init
 342:./Core/Src/main.c **** 
 343:./Core/Src/main.c ****   /*Configure GPIO pins : PedestrianLight_1_Pin TrafficLight1_0_Pin */
 344:./Core/Src/main.c ****   GPIO_InitStruct.Pin = PedestrianLight_1_Pin|TrafficLight1_0_Pin;
 730              		.loc 1 344 23
 731 00aa 4FF4A063 		mov	r3, #1280
 732 00ae BB60     		str	r3, [r7, #8]
 345:./Core/Src/main.c ****   GPIO_InitStruct.Mode = GPIO_MODE_OUTPUT_PP;
 733              		.loc 1 345 24
 734 00b0 0123     		movs	r3, #1
 735 00b2 FB60     		str	r3, [r7, #12]
 346:./Core/Src/main.c ****   GPIO_InitStruct.Pull = GPIO_NOPULL;
 736              		.loc 1 346 24
 737 00b4 0023     		movs	r3, #0
 738 00b6 3B61     		str	r3, [r7, #16]
 347:./Core/Src/main.c ****   GPIO_InitStruct.Speed = GPIO_SPEED_FREQ_LOW;
 739              		.loc 1 347 25
 740 00b8 0223     		movs	r3, #2
 741 00ba 7B61     		str	r3, [r7, #20]
 348:./Core/Src/main.c ****   HAL_GPIO_Init(GPIOA, &GPIO_InitStruct);
ARM GAS  C:\Users\ULTIMA~1\AppData\Local\Temp\ccdfERFl.s 			page 20


 742              		.loc 1 348 3
 743 00bc 07F10803 		add	r3, r7, #8
 744 00c0 1946     		mov	r1, r3
 745 00c2 0548     		ldr	r0, .L33+8
 746 00c4 FFF7FEFF 		bl	HAL_GPIO_Init
 349:./Core/Src/main.c **** 
 350:./Core/Src/main.c **** }
 747              		.loc 1 350 1
 748 00c8 00BF     		nop
 749 00ca 1837     		adds	r7, r7, #24
 750              		.cfi_def_cfa_offset 8
 751 00cc BD46     		mov	sp, r7
 752              		.cfi_def_cfa_register 13
 753              		@ sp needed
 754 00ce 80BD     		pop	{r7, pc}
 755              	.L34:
 756              		.align	2
 757              	.L33:
 758 00d0 00100240 		.word	1073876992
 759 00d4 000C0140 		.word	1073810432
 760 00d8 00080140 		.word	1073809408
 761              		.cfi_endproc
 762              	.LFE74:
 764              		.section	.text.Error_Handler,"ax",%progbits
 765              		.align	1
 766              		.global	Error_Handler
 767              		.syntax unified
 768              		.thumb
 769              		.thumb_func
 771              	Error_Handler:
 772              	.LFB75:
 351:./Core/Src/main.c **** 
 352:./Core/Src/main.c **** /* USER CODE BEGIN 4 */
 353:./Core/Src/main.c **** 
 354:./Core/Src/main.c **** /* USER CODE END 4 */
 355:./Core/Src/main.c **** 
 356:./Core/Src/main.c **** /**
 357:./Core/Src/main.c ****   * @brief  This function is executed in case of error occurrence.
 358:./Core/Src/main.c ****   * @retval None
 359:./Core/Src/main.c ****   */
 360:./Core/Src/main.c **** void Error_Handler(void)
 361:./Core/Src/main.c **** {
 773              		.loc 1 361 1
 774              		.cfi_startproc
 775              		@ args = 0, pretend = 0, frame = 0
 776              		@ frame_needed = 1, uses_anonymous_args = 0
 777              		@ link register save eliminated.
 778 0000 80B4     		push	{r7}
 779              		.cfi_def_cfa_offset 4
 780              		.cfi_offset 7, -4
 781 0002 00AF     		add	r7, sp, #0
 782              		.cfi_def_cfa_register 7
 783              	.LBB6:
 784              	.LBB7:
 785              		.file 2 "Drivers/CMSIS/Include/cmsis_gcc.h"
   1:Drivers/CMSIS/Include/cmsis_gcc.h **** /**************************************************************************//**
   2:Drivers/CMSIS/Include/cmsis_gcc.h ****  * @file     cmsis_gcc.h
ARM GAS  C:\Users\ULTIMA~1\AppData\Local\Temp\ccdfERFl.s 			page 21


   3:Drivers/CMSIS/Include/cmsis_gcc.h ****  * @brief    CMSIS compiler GCC header file
   4:Drivers/CMSIS/Include/cmsis_gcc.h ****  * @version  V5.0.4
   5:Drivers/CMSIS/Include/cmsis_gcc.h ****  * @date     09. April 2018
   6:Drivers/CMSIS/Include/cmsis_gcc.h ****  ******************************************************************************/
   7:Drivers/CMSIS/Include/cmsis_gcc.h **** /*
   8:Drivers/CMSIS/Include/cmsis_gcc.h ****  * Copyright (c) 2009-2018 Arm Limited. All rights reserved.
   9:Drivers/CMSIS/Include/cmsis_gcc.h ****  *
  10:Drivers/CMSIS/Include/cmsis_gcc.h ****  * SPDX-License-Identifier: Apache-2.0
  11:Drivers/CMSIS/Include/cmsis_gcc.h ****  *
  12:Drivers/CMSIS/Include/cmsis_gcc.h ****  * Licensed under the Apache License, Version 2.0 (the License); you may
  13:Drivers/CMSIS/Include/cmsis_gcc.h ****  * not use this file except in compliance with the License.
  14:Drivers/CMSIS/Include/cmsis_gcc.h ****  * You may obtain a copy of the License at
  15:Drivers/CMSIS/Include/cmsis_gcc.h ****  *
  16:Drivers/CMSIS/Include/cmsis_gcc.h ****  * www.apache.org/licenses/LICENSE-2.0
  17:Drivers/CMSIS/Include/cmsis_gcc.h ****  *
  18:Drivers/CMSIS/Include/cmsis_gcc.h ****  * Unless required by applicable law or agreed to in writing, software
  19:Drivers/CMSIS/Include/cmsis_gcc.h ****  * distributed under the License is distributed on an AS IS BASIS, WITHOUT
  20:Drivers/CMSIS/Include/cmsis_gcc.h ****  * WARRANTIES OR CONDITIONS OF ANY KIND, either express or implied.
  21:Drivers/CMSIS/Include/cmsis_gcc.h ****  * See the License for the specific language governing permissions and
  22:Drivers/CMSIS/Include/cmsis_gcc.h ****  * limitations under the License.
  23:Drivers/CMSIS/Include/cmsis_gcc.h ****  */
  24:Drivers/CMSIS/Include/cmsis_gcc.h **** 
  25:Drivers/CMSIS/Include/cmsis_gcc.h **** #ifndef __CMSIS_GCC_H
  26:Drivers/CMSIS/Include/cmsis_gcc.h **** #define __CMSIS_GCC_H
  27:Drivers/CMSIS/Include/cmsis_gcc.h **** 
  28:Drivers/CMSIS/Include/cmsis_gcc.h **** /* ignore some GCC warnings */
  29:Drivers/CMSIS/Include/cmsis_gcc.h **** #pragma GCC diagnostic push
  30:Drivers/CMSIS/Include/cmsis_gcc.h **** #pragma GCC diagnostic ignored "-Wsign-conversion"
  31:Drivers/CMSIS/Include/cmsis_gcc.h **** #pragma GCC diagnostic ignored "-Wconversion"
  32:Drivers/CMSIS/Include/cmsis_gcc.h **** #pragma GCC diagnostic ignored "-Wunused-parameter"
  33:Drivers/CMSIS/Include/cmsis_gcc.h **** 
  34:Drivers/CMSIS/Include/cmsis_gcc.h **** /* Fallback for __has_builtin */
  35:Drivers/CMSIS/Include/cmsis_gcc.h **** #ifndef __has_builtin
  36:Drivers/CMSIS/Include/cmsis_gcc.h ****   #define __has_builtin(x) (0)
  37:Drivers/CMSIS/Include/cmsis_gcc.h **** #endif
  38:Drivers/CMSIS/Include/cmsis_gcc.h **** 
  39:Drivers/CMSIS/Include/cmsis_gcc.h **** /* CMSIS compiler specific defines */
  40:Drivers/CMSIS/Include/cmsis_gcc.h **** #ifndef   __ASM
  41:Drivers/CMSIS/Include/cmsis_gcc.h ****   #define __ASM                                  __asm
  42:Drivers/CMSIS/Include/cmsis_gcc.h **** #endif
  43:Drivers/CMSIS/Include/cmsis_gcc.h **** #ifndef   __INLINE
  44:Drivers/CMSIS/Include/cmsis_gcc.h ****   #define __INLINE                               inline
  45:Drivers/CMSIS/Include/cmsis_gcc.h **** #endif
  46:Drivers/CMSIS/Include/cmsis_gcc.h **** #ifndef   __STATIC_INLINE
  47:Drivers/CMSIS/Include/cmsis_gcc.h ****   #define __STATIC_INLINE                        static inline
  48:Drivers/CMSIS/Include/cmsis_gcc.h **** #endif
  49:Drivers/CMSIS/Include/cmsis_gcc.h **** #ifndef   __STATIC_FORCEINLINE                 
  50:Drivers/CMSIS/Include/cmsis_gcc.h ****   #define __STATIC_FORCEINLINE                   __attribute__((always_inline)) static inline
  51:Drivers/CMSIS/Include/cmsis_gcc.h **** #endif                                           
  52:Drivers/CMSIS/Include/cmsis_gcc.h **** #ifndef   __NO_RETURN
  53:Drivers/CMSIS/Include/cmsis_gcc.h ****   #define __NO_RETURN                            __attribute__((__noreturn__))
  54:Drivers/CMSIS/Include/cmsis_gcc.h **** #endif
  55:Drivers/CMSIS/Include/cmsis_gcc.h **** #ifndef   __USED
  56:Drivers/CMSIS/Include/cmsis_gcc.h ****   #define __USED                                 __attribute__((used))
  57:Drivers/CMSIS/Include/cmsis_gcc.h **** #endif
  58:Drivers/CMSIS/Include/cmsis_gcc.h **** #ifndef   __WEAK
  59:Drivers/CMSIS/Include/cmsis_gcc.h ****   #define __WEAK                                 __attribute__((weak))
ARM GAS  C:\Users\ULTIMA~1\AppData\Local\Temp\ccdfERFl.s 			page 22


  60:Drivers/CMSIS/Include/cmsis_gcc.h **** #endif
  61:Drivers/CMSIS/Include/cmsis_gcc.h **** #ifndef   __PACKED
  62:Drivers/CMSIS/Include/cmsis_gcc.h ****   #define __PACKED                               __attribute__((packed, aligned(1)))
  63:Drivers/CMSIS/Include/cmsis_gcc.h **** #endif
  64:Drivers/CMSIS/Include/cmsis_gcc.h **** #ifndef   __PACKED_STRUCT
  65:Drivers/CMSIS/Include/cmsis_gcc.h ****   #define __PACKED_STRUCT                        struct __attribute__((packed, aligned(1)))
  66:Drivers/CMSIS/Include/cmsis_gcc.h **** #endif
  67:Drivers/CMSIS/Include/cmsis_gcc.h **** #ifndef   __PACKED_UNION
  68:Drivers/CMSIS/Include/cmsis_gcc.h ****   #define __PACKED_UNION                         union __attribute__((packed, aligned(1)))
  69:Drivers/CMSIS/Include/cmsis_gcc.h **** #endif
  70:Drivers/CMSIS/Include/cmsis_gcc.h **** #ifndef   __UNALIGNED_UINT32        /* deprecated */
  71:Drivers/CMSIS/Include/cmsis_gcc.h ****   #pragma GCC diagnostic push
  72:Drivers/CMSIS/Include/cmsis_gcc.h ****   #pragma GCC diagnostic ignored "-Wpacked"
  73:Drivers/CMSIS/Include/cmsis_gcc.h ****   #pragma GCC diagnostic ignored "-Wattributes"
  74:Drivers/CMSIS/Include/cmsis_gcc.h ****   struct __attribute__((packed)) T_UINT32 { uint32_t v; };
  75:Drivers/CMSIS/Include/cmsis_gcc.h ****   #pragma GCC diagnostic pop
  76:Drivers/CMSIS/Include/cmsis_gcc.h ****   #define __UNALIGNED_UINT32(x)                  (((struct T_UINT32 *)(x))->v)
  77:Drivers/CMSIS/Include/cmsis_gcc.h **** #endif
  78:Drivers/CMSIS/Include/cmsis_gcc.h **** #ifndef   __UNALIGNED_UINT16_WRITE
  79:Drivers/CMSIS/Include/cmsis_gcc.h ****   #pragma GCC diagnostic push
  80:Drivers/CMSIS/Include/cmsis_gcc.h ****   #pragma GCC diagnostic ignored "-Wpacked"
  81:Drivers/CMSIS/Include/cmsis_gcc.h ****   #pragma GCC diagnostic ignored "-Wattributes"
  82:Drivers/CMSIS/Include/cmsis_gcc.h ****   __PACKED_STRUCT T_UINT16_WRITE { uint16_t v; };
  83:Drivers/CMSIS/Include/cmsis_gcc.h ****   #pragma GCC diagnostic pop
  84:Drivers/CMSIS/Include/cmsis_gcc.h ****   #define __UNALIGNED_UINT16_WRITE(addr, val)    (void)((((struct T_UINT16_WRITE *)(void *)(addr))-
  85:Drivers/CMSIS/Include/cmsis_gcc.h **** #endif
  86:Drivers/CMSIS/Include/cmsis_gcc.h **** #ifndef   __UNALIGNED_UINT16_READ
  87:Drivers/CMSIS/Include/cmsis_gcc.h ****   #pragma GCC diagnostic push
  88:Drivers/CMSIS/Include/cmsis_gcc.h ****   #pragma GCC diagnostic ignored "-Wpacked"
  89:Drivers/CMSIS/Include/cmsis_gcc.h ****   #pragma GCC diagnostic ignored "-Wattributes"
  90:Drivers/CMSIS/Include/cmsis_gcc.h ****   __PACKED_STRUCT T_UINT16_READ { uint16_t v; };
  91:Drivers/CMSIS/Include/cmsis_gcc.h ****   #pragma GCC diagnostic pop
  92:Drivers/CMSIS/Include/cmsis_gcc.h ****   #define __UNALIGNED_UINT16_READ(addr)          (((const struct T_UINT16_READ *)(const void *)(add
  93:Drivers/CMSIS/Include/cmsis_gcc.h **** #endif
  94:Drivers/CMSIS/Include/cmsis_gcc.h **** #ifndef   __UNALIGNED_UINT32_WRITE
  95:Drivers/CMSIS/Include/cmsis_gcc.h ****   #pragma GCC diagnostic push
  96:Drivers/CMSIS/Include/cmsis_gcc.h ****   #pragma GCC diagnostic ignored "-Wpacked"
  97:Drivers/CMSIS/Include/cmsis_gcc.h ****   #pragma GCC diagnostic ignored "-Wattributes"
  98:Drivers/CMSIS/Include/cmsis_gcc.h ****   __PACKED_STRUCT T_UINT32_WRITE { uint32_t v; };
  99:Drivers/CMSIS/Include/cmsis_gcc.h ****   #pragma GCC diagnostic pop
 100:Drivers/CMSIS/Include/cmsis_gcc.h ****   #define __UNALIGNED_UINT32_WRITE(addr, val)    (void)((((struct T_UINT32_WRITE *)(void *)(addr))-
 101:Drivers/CMSIS/Include/cmsis_gcc.h **** #endif
 102:Drivers/CMSIS/Include/cmsis_gcc.h **** #ifndef   __UNALIGNED_UINT32_READ
 103:Drivers/CMSIS/Include/cmsis_gcc.h ****   #pragma GCC diagnostic push
 104:Drivers/CMSIS/Include/cmsis_gcc.h ****   #pragma GCC diagnostic ignored "-Wpacked"
 105:Drivers/CMSIS/Include/cmsis_gcc.h ****   #pragma GCC diagnostic ignored "-Wattributes"
 106:Drivers/CMSIS/Include/cmsis_gcc.h ****   __PACKED_STRUCT T_UINT32_READ { uint32_t v; };
 107:Drivers/CMSIS/Include/cmsis_gcc.h ****   #pragma GCC diagnostic pop
 108:Drivers/CMSIS/Include/cmsis_gcc.h ****   #define __UNALIGNED_UINT32_READ(addr)          (((const struct T_UINT32_READ *)(const void *)(add
 109:Drivers/CMSIS/Include/cmsis_gcc.h **** #endif
 110:Drivers/CMSIS/Include/cmsis_gcc.h **** #ifndef   __ALIGNED
 111:Drivers/CMSIS/Include/cmsis_gcc.h ****   #define __ALIGNED(x)                           __attribute__((aligned(x)))
 112:Drivers/CMSIS/Include/cmsis_gcc.h **** #endif
 113:Drivers/CMSIS/Include/cmsis_gcc.h **** #ifndef   __RESTRICT
 114:Drivers/CMSIS/Include/cmsis_gcc.h ****   #define __RESTRICT                             __restrict
 115:Drivers/CMSIS/Include/cmsis_gcc.h **** #endif
 116:Drivers/CMSIS/Include/cmsis_gcc.h **** 
ARM GAS  C:\Users\ULTIMA~1\AppData\Local\Temp\ccdfERFl.s 			page 23


 117:Drivers/CMSIS/Include/cmsis_gcc.h **** 
 118:Drivers/CMSIS/Include/cmsis_gcc.h **** /* ###########################  Core Function Access  ########################### */
 119:Drivers/CMSIS/Include/cmsis_gcc.h **** /** \ingroup  CMSIS_Core_FunctionInterface
 120:Drivers/CMSIS/Include/cmsis_gcc.h ****     \defgroup CMSIS_Core_RegAccFunctions CMSIS Core Register Access Functions
 121:Drivers/CMSIS/Include/cmsis_gcc.h ****   @{
 122:Drivers/CMSIS/Include/cmsis_gcc.h ****  */
 123:Drivers/CMSIS/Include/cmsis_gcc.h **** 
 124:Drivers/CMSIS/Include/cmsis_gcc.h **** /**
 125:Drivers/CMSIS/Include/cmsis_gcc.h ****   \brief   Enable IRQ Interrupts
 126:Drivers/CMSIS/Include/cmsis_gcc.h ****   \details Enables IRQ interrupts by clearing the I-bit in the CPSR.
 127:Drivers/CMSIS/Include/cmsis_gcc.h ****            Can only be executed in Privileged modes.
 128:Drivers/CMSIS/Include/cmsis_gcc.h ****  */
 129:Drivers/CMSIS/Include/cmsis_gcc.h **** __STATIC_FORCEINLINE void __enable_irq(void)
 130:Drivers/CMSIS/Include/cmsis_gcc.h **** {
 131:Drivers/CMSIS/Include/cmsis_gcc.h ****   __ASM volatile ("cpsie i" : : : "memory");
 132:Drivers/CMSIS/Include/cmsis_gcc.h **** }
 133:Drivers/CMSIS/Include/cmsis_gcc.h **** 
 134:Drivers/CMSIS/Include/cmsis_gcc.h **** 
 135:Drivers/CMSIS/Include/cmsis_gcc.h **** /**
 136:Drivers/CMSIS/Include/cmsis_gcc.h ****   \brief   Disable IRQ Interrupts
 137:Drivers/CMSIS/Include/cmsis_gcc.h ****   \details Disables IRQ interrupts by setting the I-bit in the CPSR.
 138:Drivers/CMSIS/Include/cmsis_gcc.h ****            Can only be executed in Privileged modes.
 139:Drivers/CMSIS/Include/cmsis_gcc.h ****  */
 140:Drivers/CMSIS/Include/cmsis_gcc.h **** __STATIC_FORCEINLINE void __disable_irq(void)
 141:Drivers/CMSIS/Include/cmsis_gcc.h **** {
 142:Drivers/CMSIS/Include/cmsis_gcc.h ****   __ASM volatile ("cpsid i" : : : "memory");
 786              		.loc 2 142 3
 787              		.syntax unified
 788              	@ 142 "Drivers/CMSIS/Include/cmsis_gcc.h" 1
 789 0004 72B6     		cpsid i
 790              	@ 0 "" 2
 143:Drivers/CMSIS/Include/cmsis_gcc.h **** }
 791              		.loc 2 143 1
 792              		.thumb
 793              		.syntax unified
 794 0006 00BF     		nop
 795              	.L36:
 796              	.LBE7:
 797              	.LBE6:
 362:./Core/Src/main.c ****   /* USER CODE BEGIN Error_Handler_Debug */
 363:./Core/Src/main.c ****   /* User can add his own implementation to report the HAL error return state */
 364:./Core/Src/main.c ****   __disable_irq();
 365:./Core/Src/main.c ****   while (1)
 798              		.loc 1 365 9 discriminator 1
 799 0008 FEE7     		b	.L36
 800              		.cfi_endproc
 801              	.LFE75:
 803              		.text
 804              	.Letext0:
 805              		.file 3 "c:\\st\\stm32cubeide_1.10.1\\stm32cubeide\\plugins\\com.st.stm32cube.ide.mcu.externaltool
 806              		.file 4 "c:\\st\\stm32cubeide_1.10.1\\stm32cubeide\\plugins\\com.st.stm32cube.ide.mcu.externaltool
 807              		.file 5 "Drivers/CMSIS/Device/ST/STM32F1xx/Include/stm32f103xb.h"
 808              		.file 6 "Drivers/STM32F1xx_HAL_Driver/Inc/stm32f1xx_hal_def.h"
 809              		.file 7 "Drivers/STM32F1xx_HAL_Driver/Inc/stm32f1xx_hal_rcc.h"
 810              		.file 8 "Drivers/STM32F1xx_HAL_Driver/Inc/stm32f1xx_hal_rcc_ex.h"
 811              		.file 9 "Drivers/STM32F1xx_HAL_Driver/Inc/stm32f1xx_hal_gpio.h"
 812              		.file 10 "Drivers/STM32F1xx_HAL_Driver/Inc/stm32f1xx_hal_dma.h"
ARM GAS  C:\Users\ULTIMA~1\AppData\Local\Temp\ccdfERFl.s 			page 24


 813              		.file 11 "Drivers/STM32F1xx_HAL_Driver/Inc/stm32f1xx_hal_tim.h"
 814              		.file 12 "Drivers/STM32F1xx_HAL_Driver/Inc/stm32f1xx_hal_uart.h"
 815              		.file 13 "Core/Inc/main.h"
 816              		.file 14 "Core/Inc/global.h"
 817              		.file 15 "Drivers/STM32F1xx_HAL_Driver/Inc/stm32f1xx_hal_tim_ex.h"
 818              		.file 16 "Core/Inc/fsm_pedestrian.h"
 819              		.file 17 "Core/Inc/fsm_tuning.h"
 820              		.file 18 "Core/Inc/fsm_manual.h"
 821              		.file 19 "Core/Inc/fsm_auto.h"
 822              		.file 20 "Drivers/STM32F1xx_HAL_Driver/Inc/stm32f1xx_hal.h"
ARM GAS  C:\Users\ULTIMA~1\AppData\Local\Temp\ccdfERFl.s 			page 25


DEFINED SYMBOLS
                            *ABS*:0000000000000000 main.c
C:\Users\ULTIMA~1\AppData\Local\Temp\ccdfERFl.s:22     .bss.htim2:0000000000000000 htim2
C:\Users\ULTIMA~1\AppData\Local\Temp\ccdfERFl.s:19     .bss.htim2:0000000000000000 $d
C:\Users\ULTIMA~1\AppData\Local\Temp\ccdfERFl.s:29     .bss.htim3:0000000000000000 htim3
C:\Users\ULTIMA~1\AppData\Local\Temp\ccdfERFl.s:26     .bss.htim3:0000000000000000 $d
C:\Users\ULTIMA~1\AppData\Local\Temp\ccdfERFl.s:36     .bss.huart2:0000000000000000 huart2
C:\Users\ULTIMA~1\AppData\Local\Temp\ccdfERFl.s:33     .bss.huart2:0000000000000000 $d
C:\Users\ULTIMA~1\AppData\Local\Temp\ccdfERFl.s:39     .text.test_IO:0000000000000000 $t
C:\Users\ULTIMA~1\AppData\Local\Temp\ccdfERFl.s:45     .text.test_IO:0000000000000000 test_IO
C:\Users\ULTIMA~1\AppData\Local\Temp\ccdfERFl.s:100    .text.test_IO:0000000000000060 $d
C:\Users\ULTIMA~1\AppData\Local\Temp\ccdfERFl.s:106    .text.main:0000000000000000 $t
C:\Users\ULTIMA~1\AppData\Local\Temp\ccdfERFl.s:112    .text.main:0000000000000000 main
C:\Users\ULTIMA~1\AppData\Local\Temp\ccdfERFl.s:179    .text.SystemClock_Config:0000000000000000 SystemClock_Config
C:\Users\ULTIMA~1\AppData\Local\Temp\ccdfERFl.s:628    .text.MX_GPIO_Init:0000000000000000 MX_GPIO_Init
C:\Users\ULTIMA~1\AppData\Local\Temp\ccdfERFl.s:280    .text.MX_TIM2_Init:0000000000000000 MX_TIM2_Init
C:\Users\ULTIMA~1\AppData\Local\Temp\ccdfERFl.s:557    .text.MX_USART2_UART_Init:0000000000000000 MX_USART2_UART_Init
C:\Users\ULTIMA~1\AppData\Local\Temp\ccdfERFl.s:394    .text.MX_TIM3_Init:0000000000000000 MX_TIM3_Init
C:\Users\ULTIMA~1\AppData\Local\Temp\ccdfERFl.s:165    .text.main:0000000000000048 $d
C:\Users\ULTIMA~1\AppData\Local\Temp\ccdfERFl.s:173    .text.SystemClock_Config:0000000000000000 $t
C:\Users\ULTIMA~1\AppData\Local\Temp\ccdfERFl.s:771    .text.Error_Handler:0000000000000000 Error_Handler
C:\Users\ULTIMA~1\AppData\Local\Temp\ccdfERFl.s:275    .text.MX_TIM2_Init:0000000000000000 $t
C:\Users\ULTIMA~1\AppData\Local\Temp\ccdfERFl.s:384    .text.MX_TIM2_Init:0000000000000094 $d
C:\Users\ULTIMA~1\AppData\Local\Temp\ccdfERFl.s:389    .text.MX_TIM3_Init:0000000000000000 $t
C:\Users\ULTIMA~1\AppData\Local\Temp\ccdfERFl.s:546    .text.MX_TIM3_Init:00000000000000e4 $d
C:\Users\ULTIMA~1\AppData\Local\Temp\ccdfERFl.s:552    .text.MX_USART2_UART_Init:0000000000000000 $t
C:\Users\ULTIMA~1\AppData\Local\Temp\ccdfERFl.s:617    .text.MX_USART2_UART_Init:000000000000004c $d
C:\Users\ULTIMA~1\AppData\Local\Temp\ccdfERFl.s:623    .text.MX_GPIO_Init:0000000000000000 $t
C:\Users\ULTIMA~1\AppData\Local\Temp\ccdfERFl.s:758    .text.MX_GPIO_Init:00000000000000d0 $d
C:\Users\ULTIMA~1\AppData\Local\Temp\ccdfERFl.s:765    .text.Error_Handler:0000000000000000 $t
                           .group:0000000000000000 wm4.0.cb5f01749778df26340c4505df3d34d0
                           .group:0000000000000000 wm4.stm32f1xx_hal_conf.h.21.98635006afa9a018cfa5e0632ed4968b
                           .group:0000000000000000 wm4.stm32f1xx.h.39.208bb8a61c892b7c37d899c49a031330
                           .group:0000000000000000 wm4.stm32f103xb.h.38.ec967d5ad9d3269cb0788eebda048e38
                           .group:0000000000000000 wm4._newlib_version.h.4.bfdf54b0af045d4a71376ae00f63a22c
                           .group:0000000000000000 wm4.features.h.33.318b64d71e0957639cfb30f1db1f7ec8
                           .group:0000000000000000 wm4._default_types.h.15.247e5cd201eca3442cbf5404108c4935
                           .group:0000000000000000 wm4._intsup.h.10.48bafbb683905c4daa4565a85aeeb264
                           .group:0000000000000000 wm4._stdint.h.10.c24fa3af3bc1706662bb5593a907e841
                           .group:0000000000000000 wm4.stdint.h.23.d53047a68f4a85177f80b422d52785ed
                           .group:0000000000000000 wm4.cmsis_version.h.32.4d5822004c01a829a975260e854b5f8e
                           .group:0000000000000000 wm4.core_cm3.h.66.fc46cac19810db8f98d67da7ef88f42c
                           .group:0000000000000000 wm4.cmsis_gcc.h.26.4f5798e999d5690b80e6ded3ecc94b37
                           .group:0000000000000000 wm4.core_cm3.h.127.f4474120f1a7524deb56f9d74ff175da
                           .group:0000000000000000 wm4.stm32f103xb.h.573.10249aa7473ca93be896fed94046a725
                           .group:0000000000000000 wm4.stm32f1xx.h.162.96b09079a093c34dbd7f0b85cbd0ddee
                           .group:0000000000000000 wm4.stm32_hal_legacy.h.23.91ba5b544a4c2be2620a1e7ff0049e10
                           .group:0000000000000000 wm4.stddef.h.39.144cf5ddcd53cbfdac30259dc1a6c87f
                           .group:0000000000000000 wm4.stm32f1xx_hal_def.h.57.18d01ce1aa74e9fb44dbf16f821a574a
                           .group:0000000000000000 wm4.stm32f1xx_hal_rcc.h.95.21591bbc513aaa813c0b8640c3b32517
                           .group:0000000000000000 wm4.stm32f1xx_hal_rcc_ex.h.22.8763f99bc1e3e2dcf0febe9161d81b37
                           .group:0000000000000000 wm4.stm32f1xx_hal_rcc.h.1202.f8e5f9e0cf4eef7840facf5396029056
                           .group:0000000000000000 wm4.stm32f1xx_hal_gpio.h.22.fa638d688dcc57ca806fe6a7831b0d04
                           .group:0000000000000000 wm4.stm32f1xx_hal_gpio_ex.h.22.51a50ef3512cd78017ce666a32d364bf
                           .group:0000000000000000 wm4.stm32f1xx_hal_gpio.h.263.f5ebf2f545ade59412ab9261c8e35dc4
                           .group:0000000000000000 wm4.stm32f1xx_hal_exti.h.22.e26491d042c8079c3ca67eca341af862
                           .group:0000000000000000 wm4.stm32f1xx_hal_dma.h.22.3c14338534886827bf3aeaa2a7f412a1
ARM GAS  C:\Users\ULTIMA~1\AppData\Local\Temp\ccdfERFl.s 			page 26


                           .group:0000000000000000 wm4.stm32f1xx_hal_dma_ex.h.22.001ac4d7f81ccbdcae49bd65c13858c8
                           .group:0000000000000000 wm4.stm32f1xx_hal_dma.h.409.cafcd2cfe701091535636be537c18293
                           .group:0000000000000000 wm4.stm32f1xx_hal_cortex.h.22.b5f4174bb6a50d95405567b8f50e0900
                           .group:0000000000000000 wm4.stm32f1xx_hal_flash.h.22.5cea9a7210e6315b41724b47b5fdf203
                           .group:0000000000000000 wm4.stm32f1xx_hal_flash_ex.h.22.d4e19c21f2a86fa2f8ec2c2d5f1ab2af
                           .group:0000000000000000 wm4.stm32f1xx_hal_pwr.h.22.3438c476faafc3240bf146f143df3fcd
                           .group:0000000000000000 wm4.stm32f1xx_hal_tim.h.22.a16e206564e97dbace9faae59a0d6008
                           .group:0000000000000000 wm4.stm32f1xx_hal_uart.h.22.5f7992e497faa36aa98f09f7214f4dbb
                           .group:0000000000000000 wm4.stm32f1xx_hal.h.88.91065c0692bed6019c34f1e9c00589fd
                           .group:0000000000000000 wm4.newlib.h.8.7cb3972cd43265932d4782d5eb589854
                           .group:0000000000000000 wm4.ieeefp.h.77.25247dc27dbe3b23bfe98c2dc18f6ac5
                           .group:0000000000000000 wm4.config.h.224.c701144a7b0518c6ee9b9b5465b79f81
                           .group:0000000000000000 wm4._ansi.h.31.de524f58584151836e90d8620a16f8e8
                           .group:0000000000000000 wm4.stdio.h.31.7c0e28c411445f3f9c5b11accf882760
                           .group:0000000000000000 wm4.stddef.h.155.ba788add86a0e365f264484f110c3c29
                           .group:0000000000000000 wm4.cdefs.h.49.39045112216f6a021dbdffe3bf5accce
                           .group:0000000000000000 wm4.stdarg.h.34.3a23a216c0c293b3d2ea2e89281481e6
                           .group:0000000000000000 wm4._types.h.20.dd0d04dca3800a0d2a6129b87f3adbb2
                           .group:0000000000000000 wm4.stddef.h.155.3588ebfdd1e8c7ede80509bb9c3b8009
                           .group:0000000000000000 wm4._types.h.127.34941de1b2539d59d5cac00e0dd27a45
                           .group:0000000000000000 wm4.reent.h.17.e292bf8b0bec6c96e131a54347145a30
                           .group:0000000000000000 wm4.lock.h.2.1461d1fff82dffe8bfddc23307f6484f
                           .group:0000000000000000 wm4.reent.h.77.dcd6129ff07fe81bd5636db29abe53b2
                           .group:0000000000000000 wm4.types.h.40.8b6acba56cefbb11746718204edc8f5e
                           .group:0000000000000000 wm4._endian.h.31.65a10590763c3dde1ac4a7f66d7d4891
                           .group:0000000000000000 wm4.endian.h.9.49f3a4695c1b61e8a0808de3c4a106cb
                           .group:0000000000000000 wm4._timeval.h.32.bec3221fa7a9bb0bdde696c9c57e47d2
                           .group:0000000000000000 wm4.timespec.h.41.d855182eb0e690443ab8651bcedca6e1
                           .group:0000000000000000 wm4.select.h.19.40cd3f2bfc456b193b790c2754690ebf
                           .group:0000000000000000 wm4.types.h.51.5571ec98f267d17d3c670b7a3ba33afa
                           .group:0000000000000000 wm4.sched.h.22.c60982713a5c428609783c78f9c78d95
                           .group:0000000000000000 wm4._pthreadtypes.h.36.fcee9961c35163dde6267ef772ad1972
                           .group:0000000000000000 wm4.stdio.h.2.4aa87247282eca6c8f36f9de33d8df1a
                           .group:0000000000000000 wm4.stdio.h.81.932d0c162786b883f622b8d05c120c78
                           .group:0000000000000000 wm4.main.h.66.f6c32797044e6683294f2b743aea3471
                           .group:0000000000000000 wm4.button.h.9.c6366124cd589a43ad584300c9157129
                           .group:0000000000000000 wm4.global.h.11.2fb835f5a6e6029efdfc188ecbd44406

UNDEFINED SYMBOLS
HAL_GPIO_ReadPin
HAL_GPIO_WritePin
HAL_Init
HAL_TIM_Base_Start_IT
HAL_TIM_PWM_Start
fsm_auto_run
fsm_manual_run
fsm_tuning_run
fsm_pedestrian_run
status
pedestrianStatus
memset
HAL_RCC_OscConfig
HAL_RCC_ClockConfig
HAL_TIM_Base_Init
HAL_TIM_ConfigClockSource
HAL_TIMEx_MasterConfigSynchronization
HAL_TIM_PWM_Init
ARM GAS  C:\Users\ULTIMA~1\AppData\Local\Temp\ccdfERFl.s 			page 27


HAL_TIM_PWM_ConfigChannel
HAL_TIM_MspPostInit
HAL_UART_Init
HAL_GPIO_Init
